{"/Users/juan/Desktop/Proyectos/Vitalitty/v-ai/app/layout.tsx": {"path":"/Users/juan/Desktop/Proyectos/Vitalitty/v-ai/app/layout.tsx","statementMap":{"0":{"start":{"line":6,"column":6},"end":{"line":9,"column":2}},"1":{"start":{"line":11,"column":6},"end":{"line":14,"column":2}},"2":{"start":{"line":16,"column":34},"end":{"line":19,"column":null}},"3":{"start":{"line":26,"column":2},"end":{"line":47,"column":null}}},"fnMap":{"0":{"name":"RootLayout","decl":{"start":{"line":21,"column":24},"end":{"line":21,"column":35}},"loc":{"start":{"line":25,"column":4},"end":{"line":47,"column":null}},"line":25}},"branchMap":{},"s":{"0":0,"1":0,"2":0,"3":0},"f":{"0":0},"b":{},"meta":{"lastBranch":0,"lastFunction":1,"lastStatement":4,"seen":{"s:6:6:9:2":0,"s:11:6:14:2":1,"s:16:34:19:Infinity":2,"f:21:24:21:35":0,"s:26:2:47:Infinity":3}}}
,"/Users/juan/Desktop/Proyectos/Vitalitty/v-ai/app/page.tsx": {"path":"/Users/juan/Desktop/Proyectos/Vitalitty/v-ai/app/page.tsx","statementMap":{"0":{"start":{"line":1,"column":0},"end":{"line":1,"column":null}},"1":{"start":{"line":7,"column":8},"end":{"line":7,"column":28}},"2":{"start":{"line":9,"column":2},"end":{"line":11,"column":null}},"3":{"start":{"line":10,"column":4},"end":{"line":10,"column":null}},"4":{"start":{"line":13,"column":2},"end":{"line":16,"column":null}}},"fnMap":{"0":{"name":"Home","decl":{"start":{"line":6,"column":24},"end":{"line":6,"column":31}},"loc":{"start":{"line":6,"column":31},"end":{"line":16,"column":null}},"line":6},"1":{"name":"(anonymous_1)","decl":{"start":{"line":9,"column":2},"end":{"line":9,"column":18}},"loc":{"start":{"line":9,"column":18},"end":{"line":11,"column":6}},"line":9}},"branchMap":{},"s":{"0":1,"1":4,"2":4,"3":4,"4":4},"f":{"0":4,"1":4},"b":{},"meta":{"lastBranch":0,"lastFunction":2,"lastStatement":5,"seen":{"s:1:0:1:Infinity":0,"f:6:24:6:31":0,"s:7:8:7:28":1,"s:9:2:11:Infinity":2,"f:9:2:9:18":1,"s:10:4:10:Infinity":3,"s:13:2:16:Infinity":4}}}
,"/Users/juan/Desktop/Proyectos/Vitalitty/v-ai/app/dashboard/page.tsx": {"path":"/Users/juan/Desktop/Proyectos/Vitalitty/v-ai/app/dashboard/page.tsx","statementMap":{"0":{"start":{"line":1,"column":0},"end":{"line":1,"column":null}},"1":{"start":{"line":44,"column":15},"end":{"line":44,"column":45}},"2":{"start":{"line":45,"column":8},"end":{"line":45,"column":28}},"3":{"start":{"line":47,"column":19},"end":{"line":47,"column":57}},"4":{"start":{"line":48,"column":15},"end":{"line":48,"column":46}},"5":{"start":{"line":49,"column":16},"end":{"line":49,"column":48}},"6":{"start":{"line":50,"column":14},"end":{"line":50,"column":44}},"7":{"start":{"line":51,"column":17},"end":{"line":51,"column":50}},"8":{"start":{"line":52,"column":17},"end":{"line":52,"column":50}},"9":{"start":{"line":53,"column":20},"end":{"line":53,"column":73}},"10":{"start":{"line":55,"column":18},"end":{"line":55,"column":56}},"11":{"start":{"line":58,"column":8},"end":{"line":89,"column":null}},"12":{"start":{"line":59,"column":10},"end":{"line":87,"column":null}},"13":{"start":{"line":65,"column":26},"end":{"line":65,"column":null}},"14":{"start":{"line":67,"column":10},"end":{"line":84,"column":null}},"15":{"start":{"line":78,"column":20},"end":{"line":78,"column":null}},"16":{"start":{"line":92,"column":8},"end":{"line":97,"column":4}},"17":{"start":{"line":99,"column":2},"end":{"line":111,"column":null}},"18":{"start":{"line":100,"column":20},"end":{"line":107,"column":null}},"19":{"start":{"line":103,"column":10},"end":{"line":103,"column":39}},"20":{"start":{"line":104,"column":6},"end":{"line":107,"column":null}},"21":{"start":{"line":105,"column":8},"end":{"line":105,"column":null}},"22":{"start":{"line":107,"column":8},"end":{"line":107,"column":null}},"23":{"start":{"line":110,"column":4},"end":{"line":110,"column":null}},"24":{"start":{"line":113,"column":2},"end":{"line":113,"column":null}},"25":{"start":{"line":113,"column":13},"end":{"line":113,"column":null}},"26":{"start":{"line":115,"column":8},"end":{"line":135,"column":null}},"27":{"start":{"line":116,"column":4},"end":{"line":116,"column":null}},"28":{"start":{"line":117,"column":4},"end":{"line":117,"column":null}},"29":{"start":{"line":118,"column":24},"end":{"line":123,"column":null}},"30":{"start":{"line":119,"column":30},"end":{"line":119,"column":73}},"31":{"start":{"line":120,"column":6},"end":{"line":122,"column":null}},"32":{"start":{"line":121,"column":8},"end":{"line":121,"column":null}},"33":{"start":{"line":123,"column":6},"end":{"line":123,"column":null}},"34":{"start":{"line":125,"column":4},"end":{"line":135,"column":null}},"35":{"start":{"line":127,"column":8},"end":{"line":129,"column":null}},"36":{"start":{"line":128,"column":10},"end":{"line":128,"column":null}},"37":{"start":{"line":129,"column":10},"end":{"line":129,"column":null}},"38":{"start":{"line":131,"column":8},"end":{"line":131,"column":null}},"39":{"start":{"line":134,"column":8},"end":{"line":134,"column":null}},"40":{"start":{"line":138,"column":2},"end":{"line":290,"column":null}},"41":{"start":{"line":173,"column":35},"end":{"line":173,"column":58}},"42":{"start":{"line":183,"column":35},"end":{"line":183,"column":59}},"43":{"start":{"line":193,"column":35},"end":{"line":193,"column":57}},"44":{"start":{"line":203,"column":35},"end":{"line":203,"column":60}},"45":{"start":{"line":243,"column":16},"end":{"line":256,"column":null}},"46":{"start":{"line":245,"column":20},"end":{"line":253,"column":null}},"47":{"start":{"line":262,"column":18},"end":{"line":274,"column":null}},"48":{"start":{"line":267,"column":22},"end":{"line":272,"column":null}}},"fnMap":{"0":{"name":"DashboardPage","decl":{"start":{"line":43,"column":24},"end":{"line":43,"column":40}},"loc":{"start":{"line":43,"column":40},"end":{"line":290,"column":null}},"line":43},"1":{"name":"(anonymous_1)","decl":{"start":{"line":58,"column":18},"end":{"line":58,"column":null}},"loc":{"start":{"line":59,"column":10},"end":{"line":87,"column":null}},"line":59},"2":{"name":"(anonymous_2)","decl":{"start":{"line":64,"column":8},"end":{"line":64,"column":15}},"loc":{"start":{"line":64,"column":27},"end":{"line":84,"column":null}},"line":64},"3":{"name":"(anonymous_3)","decl":{"start":{"line":77,"column":18},"end":{"line":77,"column":33}},"loc":{"start":{"line":77,"column":33},"end":{"line":78,"column":null}},"line":77},"4":{"name":"(anonymous_4)","decl":{"start":{"line":99,"column":2},"end":{"line":99,"column":18}},"loc":{"start":{"line":99,"column":18},"end":{"line":111,"column":6}},"line":99},"5":{"name":"(anonymous_5)","decl":{"start":{"line":100,"column":20},"end":{"line":100,"column":32}},"loc":{"start":{"line":100,"column":32},"end":{"line":107,"column":null}},"line":100},"6":{"name":"(anonymous_6)","decl":{"start":{"line":115,"column":8},"end":{"line":115,"column":30}},"loc":{"start":{"line":115,"column":71},"end":{"line":135,"column":null}},"line":115},"7":{"name":"(anonymous_7)","decl":{"start":{"line":118,"column":24},"end":{"line":118,"column":36}},"loc":{"start":{"line":118,"column":36},"end":{"line":123,"column":null}},"line":118},"8":{"name":"(anonymous_8)","decl":{"start":{"line":120,"column":12},"end":{"line":120,"column":21}},"loc":{"start":{"line":120,"column":33},"end":{"line":122,"column":null}},"line":120},"9":{"name":"(anonymous_9)","decl":{"start":{"line":126,"column":7},"end":{"line":126,"column":13}},"loc":{"start":{"line":126,"column":33},"end":{"line":132,"column":null}},"line":126},"10":{"name":"(anonymous_10)","decl":{"start":{"line":133,"column":7},"end":{"line":133,"column":21}},"loc":{"start":{"line":133,"column":21},"end":{"line":135,"column":null}},"line":133},"11":{"name":"(anonymous_11)","decl":{"start":{"line":173,"column":18},"end":{"line":173,"column":29}},"loc":{"start":{"line":173,"column":35},"end":{"line":173,"column":58}},"line":173},"12":{"name":"(anonymous_12)","decl":{"start":{"line":183,"column":18},"end":{"line":183,"column":29}},"loc":{"start":{"line":183,"column":35},"end":{"line":183,"column":59}},"line":183},"13":{"name":"(anonymous_13)","decl":{"start":{"line":193,"column":18},"end":{"line":193,"column":29}},"loc":{"start":{"line":193,"column":35},"end":{"line":193,"column":57}},"line":193},"14":{"name":"(anonymous_14)","decl":{"start":{"line":203,"column":18},"end":{"line":203,"column":29}},"loc":{"start":{"line":203,"column":35},"end":{"line":203,"column":60}},"line":203},"15":{"name":"(anonymous_15)","decl":{"start":{"line":242,"column":44},"end":{"line":242,"column":49}},"loc":{"start":{"line":243,"column":16},"end":{"line":256,"column":null}},"line":243},"16":{"name":"(anonymous_16)","decl":{"start":{"line":244,"column":39},"end":{"line":244,"column":44}},"loc":{"start":{"line":244,"column":55},"end":{"line":255,"column":null}},"line":244},"17":{"name":"(anonymous_17)","decl":{"start":{"line":261,"column":46},"end":{"line":261,"column":51}},"loc":{"start":{"line":262,"column":18},"end":{"line":274,"column":null}},"line":262},"18":{"name":"(anonymous_18)","decl":{"start":{"line":266,"column":43},"end":{"line":266,"column":48}},"loc":{"start":{"line":267,"column":22},"end":{"line":272,"column":null}},"line":267}},"branchMap":{"0":{"loc":{"start":{"line":104,"column":6},"end":{"line":107,"column":null}},"type":"if","locations":[{"start":{"line":104,"column":6},"end":{"line":107,"column":null}},{"start":{"line":106,"column":13},"end":{"line":107,"column":null}}],"line":104},"1":{"loc":{"start":{"line":113,"column":2},"end":{"line":113,"column":null}},"type":"if","locations":[{"start":{"line":113,"column":2},"end":{"line":113,"column":null}},{"start":{},"end":{}}],"line":113},"2":{"loc":{"start":{"line":121,"column":25},"end":{"line":121,"column":null}},"type":"cond-expr","locations":[{"start":{"line":121,"column":50},"end":{"line":121,"column":64}},{"start":{"line":121,"column":64},"end":{"line":121,"column":null}}],"line":121},"3":{"loc":{"start":{"line":127,"column":8},"end":{"line":129,"column":null}},"type":"if","locations":[{"start":{"line":127,"column":8},"end":{"line":129,"column":null}},{"start":{},"end":{}}],"line":127},"4":{"loc":{"start":{"line":232,"column":19},"end":{"line":232,"column":null}},"type":"cond-expr","locations":[{"start":{"line":232,"column":29},"end":{"line":232,"column":45}},{"start":{"line":232,"column":45},"end":{"line":232,"column":null}}],"line":232},"5":{"loc":{"start":{"line":247,"column":25},"end":{"line":251,"column":null}},"type":"cond-expr","locations":[{"start":{"line":248,"column":28},"end":{"line":248,"column":null}},{"start":{"line":248,"column":28},"end":{"line":251,"column":null}}],"line":247},"6":{"loc":{"start":{"line":260,"column":15},"end":{"line":286,"column":null}},"type":"cond-expr","locations":[{"start":{"line":261,"column":16},"end":{"line":274,"column":null}},{"start":{"line":277,"column":16},"end":{"line":286,"column":null}}],"line":260},"7":{"loc":{"start":{"line":264,"column":32},"end":{"line":264,"column":null}},"type":"binary-expr","locations":[{"start":{"line":264,"column":32},"end":{"line":264,"column":51}},{"start":{"line":264,"column":55},"end":{"line":264,"column":null}}],"line":264}},"s":{"0":1,"1":64,"2":64,"3":64,"4":64,"5":64,"6":64,"7":64,"8":64,"9":64,"10":64,"11":64,"12":26,"13":3,"14":3,"15":0,"16":64,"17":64,"18":63,"19":63,"20":63,"21":0,"22":63,"23":63,"24":64,"25":26,"26":38,"27":5,"28":5,"29":5,"30":5,"31":4,"32":3,"33":5,"34":5,"35":4,"36":1,"37":1,"38":3,"39":4,"40":38,"41":2,"42":2,"43":2,"44":1,"45":38,"46":304,"47":3,"48":24},"f":{"0":64,"1":26,"2":3,"3":0,"4":63,"5":63,"6":5,"7":5,"8":3,"9":4,"10":4,"11":2,"12":2,"13":2,"14":1,"15":38,"16":304,"17":3,"18":24},"b":{"0":[0,63],"1":[26,38],"2":[2,1],"3":[1,3],"4":[6,32],"5":[0,304],"6":[2,36],"7":[3,0]},"meta":{"lastBranch":8,"lastFunction":19,"lastStatement":49,"seen":{"s:1:0:1:Infinity":0,"f:43:24:43:40":0,"s:44:15:44:45":1,"s:45:8:45:28":2,"s:47:19:47:57":3,"s:48:15:48:46":4,"s:49:16:49:48":5,"s:50:14:50:44":6,"s:51:17:51:50":7,"s:52:17:52:50":8,"s:53:20:53:73":9,"s:55:18:55:56":10,"s:58:8:89:Infinity":11,"f:58:18:58:Infinity":1,"s:59:10:87:Infinity":12,"f:64:8:64:15":2,"s:65:26:65:Infinity":13,"s:67:10:84:Infinity":14,"f:77:18:77:33":3,"s:78:20:78:Infinity":15,"s:92:8:97:4":16,"s:99:2:111:Infinity":17,"f:99:2:99:18":4,"s:100:20:107:Infinity":18,"f:100:20:100:32":5,"s:103:10:103:39":19,"b:104:6:107:Infinity:106:13:107:Infinity":0,"s:104:6:107:Infinity":20,"s:105:8:105:Infinity":21,"s:107:8:107:Infinity":22,"s:110:4:110:Infinity":23,"b:113:2:113:Infinity:undefined:undefined:undefined:undefined":1,"s:113:2:113:Infinity":24,"s:113:13:113:Infinity":25,"s:115:8:135:Infinity":26,"f:115:8:115:30":6,"s:116:4:116:Infinity":27,"s:117:4:117:Infinity":28,"s:118:24:123:Infinity":29,"f:118:24:118:36":7,"s:119:30:119:73":30,"s:120:6:122:Infinity":31,"f:120:12:120:21":8,"s:121:8:121:Infinity":32,"b:121:50:121:64:121:64:121:Infinity":2,"s:123:6:123:Infinity":33,"s:125:4:135:Infinity":34,"f:126:7:126:13":9,"b:127:8:129:Infinity:undefined:undefined:undefined:undefined":3,"s:127:8:129:Infinity":35,"s:128:10:128:Infinity":36,"s:129:10:129:Infinity":37,"s:131:8:131:Infinity":38,"f:133:7:133:21":10,"s:134:8:134:Infinity":39,"s:138:2:290:Infinity":40,"f:173:18:173:29":11,"s:173:35:173:58":41,"f:183:18:183:29":12,"s:183:35:183:59":42,"f:193:18:193:29":13,"s:193:35:193:57":43,"f:203:18:203:29":14,"s:203:35:203:60":44,"b:232:29:232:45:232:45:232:Infinity":4,"f:242:44:242:49":15,"s:243:16:256:Infinity":45,"f:244:39:244:44":16,"s:245:20:253:Infinity":46,"b:248:28:248:Infinity:248:28:251:Infinity":5,"b:261:16:274:Infinity:277:16:286:Infinity":6,"f:261:46:261:51":17,"s:262:18:274:Infinity":47,"b:264:32:264:51:264:55:264:Infinity":7,"f:266:43:266:48":18,"s:267:22:272:Infinity":48}}}
,"/Users/juan/Desktop/Proyectos/Vitalitty/v-ai/app/dashboard/patient/[id]/page.tsx": {"path":"/Users/juan/Desktop/Proyectos/Vitalitty/v-ai/app/dashboard/patient/[id]/page.tsx","statementMap":{"0":{"start":{"line":1,"column":0},"end":{"line":1,"column":null}},"1":{"start":{"line":24,"column":6},"end":{"line":29,"column":null}},"2":{"start":{"line":25,"column":2},"end":{"line":29,"column":null}},"3":{"start":{"line":25,"column":56},"end":{"line":29,"column":5}},"4":{"start":{"line":32,"column":20},"end":{"line":41,"column":null}},"5":{"start":{"line":44,"column":8},"end":{"line":44,"column":28}},"6":{"start":{"line":45,"column":18},"end":{"line":45,"column":62}},"7":{"start":{"line":46,"column":18},"end":{"line":46,"column":46}},"8":{"start":{"line":47,"column":16},"end":{"line":47,"column":57}},"9":{"start":{"line":48,"column":20},"end":{"line":48,"column":56}},"10":{"start":{"line":50,"column":2},"end":{"line":55,"column":null}},"11":{"start":{"line":52,"column":4},"end":{"line":54,"column":null}},"12":{"start":{"line":53,"column":6},"end":{"line":53,"column":null}},"13":{"start":{"line":57,"column":2},"end":{"line":97,"column":null}},"14":{"start":{"line":58,"column":4},"end":{"line":58,"column":null}},"15":{"start":{"line":58,"column":20},"end":{"line":58,"column":null}},"16":{"start":{"line":60,"column":25},"end":{"line":92,"column":null}},"17":{"start":{"line":61,"column":6},"end":{"line":92,"column":null}},"18":{"start":{"line":62,"column":8},"end":{"line":62,"column":null}},"19":{"start":{"line":63,"column":49},"end":{"line":69,"column":10}},"20":{"start":{"line":71,"column":8},"end":{"line":72,"column":null}},"21":{"start":{"line":72,"column":10},"end":{"line":72,"column":null}},"22":{"start":{"line":76,"column":8},"end":{"line":78,"column":null}},"23":{"start":{"line":77,"column":10},"end":{"line":78,"column":null}},"24":{"start":{"line":81,"column":29},"end":{"line":84,"column":null}},"25":{"start":{"line":85,"column":8},"end":{"line":85,"column":null}},"26":{"start":{"line":87,"column":8},"end":{"line":87,"column":null}},"27":{"start":{"line":88,"column":8},"end":{"line":90,"column":null}},"28":{"start":{"line":92,"column":8},"end":{"line":92,"column":null}},"29":{"start":{"line":96,"column":4},"end":{"line":96,"column":null}},"30":{"start":{"line":99,"column":2},"end":{"line":105,"column":null}},"31":{"start":{"line":100,"column":4},"end":{"line":105,"column":null}},"32":{"start":{"line":109,"column":2},"end":{"line":131,"column":null}},"33":{"start":{"line":110,"column":4},"end":{"line":131,"column":null}},"34":{"start":{"line":115,"column":27},"end":{"line":115,"column":52}},"35":{"start":{"line":135,"column":2},"end":{"line":227,"column":null}},"36":{"start":{"line":142,"column":27},"end":{"line":142,"column":52}},"37":{"start":{"line":169,"column":42},"end":{"line":169,"column":null}},"38":{"start":{"line":197,"column":42},"end":{"line":197,"column":null}},"39":{"start":{"line":213,"column":20},"end":{"line":220,"column":null}}},"fnMap":{"0":{"name":"(anonymous_0)","decl":{"start":{"line":24,"column":6},"end":{"line":24,"column":27}},"loc":{"start":{"line":24,"column":48},"end":{"line":29,"column":null}},"line":24},"1":{"name":"(anonymous_1)","decl":{"start":{"line":25,"column":33},"end":{"line":25,"column":38}},"loc":{"start":{"line":25,"column":56},"end":{"line":29,"column":5}},"line":25},"2":{"name":"PatientDetailPage","decl":{"start":{"line":43,"column":24},"end":{"line":43,"column":42}},"loc":{"start":{"line":43,"column":78},"end":{"line":227,"column":null}},"line":43},"3":{"name":"(anonymous_3)","decl":{"start":{"line":50,"column":2},"end":{"line":50,"column":18}},"loc":{"start":{"line":50,"column":18},"end":{"line":55,"column":6}},"line":50},"4":{"name":"(anonymous_4)","decl":{"start":{"line":52,"column":11},"end":{"line":52,"column":17}},"loc":{"start":{"line":52,"column":36},"end":{"line":54,"column":null}},"line":52},"5":{"name":"(anonymous_5)","decl":{"start":{"line":57,"column":2},"end":{"line":57,"column":18}},"loc":{"start":{"line":57,"column":18},"end":{"line":97,"column":6}},"line":57},"6":{"name":"(anonymous_6)","decl":{"start":{"line":60,"column":25},"end":{"line":60,"column":37}},"loc":{"start":{"line":60,"column":37},"end":{"line":92,"column":null}},"line":60},"7":{"name":"(anonymous_7)","decl":{"start":{"line":115,"column":12},"end":{"line":115,"column":27}},"loc":{"start":{"line":115,"column":27},"end":{"line":115,"column":52}},"line":115},"8":{"name":"(anonymous_8)","decl":{"start":{"line":142,"column":12},"end":{"line":142,"column":27}},"loc":{"start":{"line":142,"column":27},"end":{"line":142,"column":52}},"line":142},"9":{"name":"(anonymous_9)","decl":{"start":{"line":169,"column":16},"end":{"line":169,"column":32}},"loc":{"start":{"line":169,"column":42},"end":{"line":169,"column":null}},"line":169},"10":{"name":"(anonymous_10)","decl":{"start":{"line":197,"column":16},"end":{"line":197,"column":32}},"loc":{"start":{"line":197,"column":42},"end":{"line":197,"column":null}},"line":197},"11":{"name":"(anonymous_11)","decl":{"start":{"line":212,"column":41},"end":{"line":212,"column":46}},"loc":{"start":{"line":213,"column":20},"end":{"line":220,"column":null}},"line":213}},"branchMap":{"0":{"loc":{"start":{"line":58,"column":4},"end":{"line":58,"column":null}},"type":"if","locations":[{"start":{"line":58,"column":4},"end":{"line":58,"column":null}},{"start":{},"end":{}}],"line":58},"1":{"loc":{"start":{"line":71,"column":8},"end":{"line":72,"column":null}},"type":"if","locations":[{"start":{"line":71,"column":8},"end":{"line":72,"column":null}},{"start":{},"end":{}}],"line":71},"2":{"loc":{"start":{"line":71,"column":12},"end":{"line":71,"column":58}},"type":"binary-expr","locations":[{"start":{"line":71,"column":12},"end":{"line":71,"column":33}},{"start":{"line":71,"column":33},"end":{"line":71,"column":58}}],"line":71},"3":{"loc":{"start":{"line":72,"column":16},"end":{"line":72,"column":null}},"type":"binary-expr","locations":[{"start":{"line":72,"column":16},"end":{"line":72,"column":37}},{"start":{"line":72,"column":37},"end":{"line":72,"column":null}}],"line":72},"4":{"loc":{"start":{"line":76,"column":8},"end":{"line":78,"column":null}},"type":"if","locations":[{"start":{"line":76,"column":8},"end":{"line":78,"column":null}},{"start":{},"end":{}}],"line":76},"5":{"loc":{"start":{"line":76,"column":12},"end":{"line":76,"column":45}},"type":"binary-expr","locations":[{"start":{"line":76,"column":12},"end":{"line":76,"column":27}},{"start":{"line":76,"column":27},"end":{"line":76,"column":45}}],"line":76},"6":{"loc":{"start":{"line":78,"column":12},"end":{"line":78,"column":null}},"type":"cond-expr","locations":[{"start":{"line":78,"column":46},"end":{"line":78,"column":60}},{"start":{"line":78,"column":60},"end":{"line":78,"column":null}}],"line":78},"7":{"loc":{"start":{"line":83,"column":25},"end":{"line":83,"column":null}},"type":"binary-expr","locations":[{"start":{"line":83,"column":25},"end":{"line":83,"column":51}},{"start":{"line":83,"column":51},"end":{"line":83,"column":null}}],"line":83},"8":{"loc":{"start":{"line":89,"column":10},"end":{"line":89,"column":null}},"type":"cond-expr","locations":[{"start":{"line":89,"column":33},"end":{"line":89,"column":47}},{"start":{"line":89,"column":47},"end":{"line":89,"column":null}}],"line":89},"9":{"loc":{"start":{"line":99,"column":2},"end":{"line":105,"column":null}},"type":"if","locations":[{"start":{"line":99,"column":2},"end":{"line":105,"column":null}},{"start":{},"end":{}}],"line":99},"10":{"loc":{"start":{"line":109,"column":2},"end":{"line":131,"column":null}},"type":"if","locations":[{"start":{"line":109,"column":2},"end":{"line":131,"column":null}},{"start":{},"end":{}}],"line":109},"11":{"loc":{"start":{"line":109,"column":6},"end":{"line":109,"column":25}},"type":"binary-expr","locations":[{"start":{"line":109,"column":6},"end":{"line":109,"column":15}},{"start":{"line":109,"column":15},"end":{"line":109,"column":25}}],"line":109},"12":{"loc":{"start":{"line":127,"column":15},"end":{"line":127,"column":null}},"type":"binary-expr","locations":[{"start":{"line":127,"column":15},"end":{"line":127,"column":24}},{"start":{"line":127,"column":24},"end":{"line":127,"column":null}}],"line":127},"13":{"loc":{"start":{"line":162,"column":47},"end":{"line":162,"column":79}},"type":"binary-expr","locations":[{"start":{"line":162,"column":47},"end":{"line":162,"column":73}},{"start":{"line":162,"column":77},"end":{"line":162,"column":79}}],"line":162},"14":{"loc":{"start":{"line":183,"column":15},"end":{"line":183,"column":null}},"type":"cond-expr","locations":[{"start":{"line":183,"column":54},"end":{"line":183,"column":62}},{"start":{"line":183,"column":62},"end":{"line":183,"column":null}}],"line":183},"15":{"loc":{"start":{"line":208,"column":13},"end":{"line":224,"column":null}},"type":"binary-expr","locations":[{"start":{"line":208,"column":13},"end":{"line":208,"column":null}},{"start":{"line":209,"column":14},"end":{"line":209,"column":null}},{"start":{"line":210,"column":14},"end":{"line":210,"column":null}},{"start":{"line":211,"column":16},"end":{"line":224,"column":null}}],"line":208}},"s":{"0":0,"1":0,"2":0,"3":0,"4":0,"5":0,"6":0,"7":0,"8":0,"9":0,"10":0,"11":0,"12":0,"13":0,"14":0,"15":0,"16":0,"17":0,"18":0,"19":0,"20":0,"21":0,"22":0,"23":0,"24":0,"25":0,"26":0,"27":0,"28":0,"29":0,"30":0,"31":0,"32":0,"33":0,"34":0,"35":0,"36":0,"37":0,"38":0,"39":0},"f":{"0":0,"1":0,"2":0,"3":0,"4":0,"5":0,"6":0,"7":0,"8":0,"9":0,"10":0,"11":0},"b":{"0":[0,0],"1":[0,0],"2":[0,0],"3":[0,0],"4":[0,0],"5":[0,0],"6":[0,0],"7":[0,0],"8":[0,0],"9":[0,0],"10":[0,0],"11":[0,0],"12":[0,0],"13":[0,0],"14":[0,0],"15":[0,0,0,0]},"meta":{"lastBranch":16,"lastFunction":12,"lastStatement":40,"seen":{"s:1:0:1:Infinity":0,"s:24:6:29:Infinity":1,"f:24:6:24:27":0,"s:25:2:29:Infinity":2,"f:25:33:25:38":1,"s:25:56:29:5":3,"s:32:20:41:Infinity":4,"f:43:24:43:42":2,"s:44:8:44:28":5,"s:45:18:45:62":6,"s:46:18:46:46":7,"s:47:16:47:57":8,"s:48:20:48:56":9,"s:50:2:55:Infinity":10,"f:50:2:50:18":3,"s:52:4:54:Infinity":11,"f:52:11:52:17":4,"s:53:6:53:Infinity":12,"s:57:2:97:Infinity":13,"f:57:2:57:18":5,"b:58:4:58:Infinity:undefined:undefined:undefined:undefined":0,"s:58:4:58:Infinity":14,"s:58:20:58:Infinity":15,"s:60:25:92:Infinity":16,"f:60:25:60:37":6,"s:61:6:92:Infinity":17,"s:62:8:62:Infinity":18,"s:63:49:69:10":19,"b:71:8:72:Infinity:undefined:undefined:undefined:undefined":1,"s:71:8:72:Infinity":20,"b:71:12:71:33:71:33:71:58":2,"s:72:10:72:Infinity":21,"b:72:16:72:37:72:37:72:Infinity":3,"b:76:8:78:Infinity:undefined:undefined:undefined:undefined":4,"s:76:8:78:Infinity":22,"b:76:12:76:27:76:27:76:45":5,"s:77:10:78:Infinity":23,"b:78:46:78:60:78:60:78:Infinity":6,"s:81:29:84:Infinity":24,"b:83:25:83:51:83:51:83:Infinity":7,"s:85:8:85:Infinity":25,"s:87:8:87:Infinity":26,"s:88:8:90:Infinity":27,"b:89:33:89:47:89:47:89:Infinity":8,"s:92:8:92:Infinity":28,"s:96:4:96:Infinity":29,"b:99:2:105:Infinity:undefined:undefined:undefined:undefined":9,"s:99:2:105:Infinity":30,"s:100:4:105:Infinity":31,"b:109:2:131:Infinity:undefined:undefined:undefined:undefined":10,"s:109:2:131:Infinity":32,"b:109:6:109:15:109:15:109:25":11,"s:110:4:131:Infinity":33,"f:115:12:115:27":7,"s:115:27:115:52":34,"b:127:15:127:24:127:24:127:Infinity":12,"s:135:2:227:Infinity":35,"f:142:12:142:27":8,"s:142:27:142:52":36,"b:162:47:162:73:162:77:162:79":13,"f:169:16:169:32":9,"s:169:42:169:Infinity":37,"b:183:54:183:62:183:62:183:Infinity":14,"f:197:16:197:32":10,"s:197:42:197:Infinity":38,"b:208:13:208:Infinity:209:14:209:Infinity:210:14:210:Infinity:211:16:224:Infinity":15,"f:212:41:212:46":11,"s:213:20:220:Infinity":39}}}
,"/Users/juan/Desktop/Proyectos/Vitalitty/v-ai/app/diets/page.tsx": {"path":"/Users/juan/Desktop/Proyectos/Vitalitty/v-ai/app/diets/page.tsx","statementMap":{"0":{"start":{"line":1,"column":0},"end":{"line":1,"column":null}},"1":{"start":{"line":39,"column":24},"end":{"line":39,"column":56}},"2":{"start":{"line":40,"column":25},"end":{"line":40,"column":61}},"3":{"start":{"line":41,"column":23},"end":{"line":41,"column":57}},"4":{"start":{"line":42,"column":16},"end":{"line":42,"column":46}},"5":{"start":{"line":43,"column":19},"end":{"line":43,"column":57}},"6":{"start":{"line":46,"column":31},"end":{"line":48,"column":9}},"7":{"start":{"line":49,"column":26},"end":{"line":49,"column":71}},"8":{"start":{"line":50,"column":33},"end":{"line":51,"column":34}},"9":{"start":{"line":52,"column":27},"end":{"line":52,"column":65}},"10":{"start":{"line":54,"column":8},"end":{"line":59,"column":4}},"11":{"start":{"line":61,"column":2},"end":{"line":63,"column":null}},"12":{"start":{"line":62,"column":4},"end":{"line":62,"column":null}},"13":{"start":{"line":65,"column":23},"end":{"line":75,"column":null}},"14":{"start":{"line":66,"column":28},"end":{"line":66,"column":71}},"15":{"start":{"line":67,"column":4},"end":{"line":69,"column":null}},"16":{"start":{"line":68,"column":6},"end":{"line":68,"column":null}},"17":{"start":{"line":69,"column":6},"end":{"line":69,"column":null}},"18":{"start":{"line":71,"column":30},"end":{"line":74,"column":7}},"19":{"start":{"line":71,"column":63},"end":{"line":74,"column":7}},"20":{"start":{"line":75,"column":4},"end":{"line":75,"column":null}},"21":{"start":{"line":79,"column":8},"end":{"line":100,"column":null}},"22":{"start":{"line":80,"column":31},"end":{"line":80,"column":62}},"23":{"start":{"line":82,"column":4},"end":{"line":100,"column":null}},"24":{"start":{"line":84,"column":24},"end":{"line":84,"column":77}},"25":{"start":{"line":85,"column":24},"end":{"line":86,"column":null}},"26":{"start":{"line":86,"column":8},"end":{"line":86,"column":41}},"27":{"start":{"line":90,"column":25},"end":{"line":92,"column":null}},"28":{"start":{"line":95,"column":25},"end":{"line":97,"column":null}},"29":{"start":{"line":99,"column":6},"end":{"line":99,"column":null}},"30":{"start":{"line":103,"column":34},"end":{"line":148,"column":null}},"31":{"start":{"line":104,"column":4},"end":{"line":104,"column":null}},"32":{"start":{"line":105,"column":4},"end":{"line":105,"column":null}},"33":{"start":{"line":106,"column":4},"end":{"line":106,"column":null}},"34":{"start":{"line":107,"column":4},"end":{"line":107,"column":null}},"35":{"start":{"line":108,"column":4},"end":{"line":108,"column":null}},"36":{"start":{"line":109,"column":4},"end":{"line":109,"column":null}},"37":{"start":{"line":111,"column":4},"end":{"line":148,"column":null}},"38":{"start":{"line":113,"column":21},"end":{"line":113,"column":54}},"39":{"start":{"line":115,"column":6},"end":{"line":118,"column":null}},"40":{"start":{"line":116,"column":8},"end":{"line":116,"column":null}},"41":{"start":{"line":117,"column":8},"end":{"line":117,"column":null}},"42":{"start":{"line":118,"column":8},"end":{"line":118,"column":null}},"43":{"start":{"line":121,"column":6},"end":{"line":121,"column":null}},"44":{"start":{"line":122,"column":6},"end":{"line":122,"column":null}},"45":{"start":{"line":125,"column":6},"end":{"line":125,"column":null}},"46":{"start":{"line":126,"column":6},"end":{"line":126,"column":null}},"47":{"start":{"line":129,"column":22},"end":{"line":129,"column":55}},"48":{"start":{"line":130,"column":6},"end":{"line":130,"column":null}},"49":{"start":{"line":132,"column":6},"end":{"line":142,"column":null}},"50":{"start":{"line":133,"column":8},"end":{"line":133,"column":null}},"51":{"start":{"line":135,"column":8},"end":{"line":136,"column":null}},"52":{"start":{"line":136,"column":10},"end":{"line":136,"column":null}},"53":{"start":{"line":138,"column":8},"end":{"line":138,"column":null}},"54":{"start":{"line":141,"column":8},"end":{"line":141,"column":null}},"55":{"start":{"line":142,"column":8},"end":{"line":142,"column":null}},"56":{"start":{"line":145,"column":6},"end":{"line":147,"column":null}},"57":{"start":{"line":148,"column":6},"end":{"line":148,"column":null}},"58":{"start":{"line":152,"column":34},"end":{"line":186,"column":null}},"59":{"start":{"line":153,"column":4},"end":{"line":153,"column":null}},"60":{"start":{"line":154,"column":4},"end":{"line":155,"column":null}},"61":{"start":{"line":155,"column":6},"end":{"line":155,"column":null}},"62":{"start":{"line":158,"column":4},"end":{"line":158,"column":null}},"63":{"start":{"line":160,"column":4},"end":{"line":160,"column":null}},"64":{"start":{"line":161,"column":4},"end":{"line":161,"column":null}},"65":{"start":{"line":163,"column":4},"end":{"line":186,"column":null}},"66":{"start":{"line":164,"column":25},"end":{"line":166,"column":null}},"67":{"start":{"line":169,"column":6},"end":{"line":179,"column":null}},"68":{"start":{"line":170,"column":8},"end":{"line":170,"column":null}},"69":{"start":{"line":172,"column":8},"end":{"line":175,"column":null}},"70":{"start":{"line":177,"column":8},"end":{"line":177,"column":null}},"71":{"start":{"line":178,"column":8},"end":{"line":178,"column":null}},"72":{"start":{"line":179,"column":8},"end":{"line":179,"column":null}},"73":{"start":{"line":182,"column":6},"end":{"line":184,"column":null}},"74":{"start":{"line":186,"column":6},"end":{"line":186,"column":null}},"75":{"start":{"line":190,"column":8},"end":{"line":195,"column":null}},"76":{"start":{"line":191,"column":4},"end":{"line":191,"column":null}},"77":{"start":{"line":192,"column":4},"end":{"line":192,"column":null}},"78":{"start":{"line":193,"column":4},"end":{"line":193,"column":null}},"79":{"start":{"line":194,"column":4},"end":{"line":194,"column":null}},"80":{"start":{"line":195,"column":4},"end":{"line":195,"column":null}},"81":{"start":{"line":198,"column":8},"end":{"line":204,"column":null}},"82":{"start":{"line":199,"column":4},"end":{"line":199,"column":null}},"83":{"start":{"line":200,"column":4},"end":{"line":200,"column":null}},"84":{"start":{"line":201,"column":4},"end":{"line":201,"column":null}},"85":{"start":{"line":202,"column":4},"end":{"line":202,"column":null}},"86":{"start":{"line":203,"column":4},"end":{"line":203,"column":null}},"87":{"start":{"line":204,"column":4},"end":{"line":204,"column":null}},"88":{"start":{"line":207,"column":2},"end":{"line":402,"column":null}},"89":{"start":{"line":284,"column":22},"end":{"line":309,"column":null}},"90":{"start":{"line":286,"column":39},"end":{"line":286,"column":73}},"91":{"start":{"line":360,"column":24},"end":{"line":371,"column":null}},"92":{"start":{"line":362,"column":28},"end":{"line":369,"column":null}},"93":{"start":{"line":377,"column":26},"end":{"line":386,"column":null}},"94":{"start":{"line":379,"column":30},"end":{"line":384,"column":null}}},"fnMap":{"0":{"name":"DietsPage","decl":{"start":{"line":38,"column":24},"end":{"line":38,"column":36}},"loc":{"start":{"line":38,"column":36},"end":{"line":402,"column":null}},"line":38},"1":{"name":"(anonymous_1)","decl":{"start":{"line":61,"column":2},"end":{"line":61,"column":18}},"loc":{"start":{"line":61,"column":18},"end":{"line":63,"column":7}},"line":61},"2":{"name":"(anonymous_2)","decl":{"start":{"line":65,"column":23},"end":{"line":65,"column":35}},"loc":{"start":{"line":65,"column":35},"end":{"line":75,"column":null}},"line":65},"3":{"name":"(anonymous_3)","decl":{"start":{"line":71,"column":36},"end":{"line":71,"column":41}},"loc":{"start":{"line":71,"column":63},"end":{"line":74,"column":7}},"line":71},"4":{"name":"(anonymous_4)","decl":{"start":{"line":79,"column":8},"end":{"line":79,"column":32}},"loc":{"start":{"line":79,"column":73},"end":{"line":100,"column":null}},"line":79},"5":{"name":"(anonymous_5)","decl":{"start":{"line":82,"column":20},"end":{"line":82,"column":28}},"loc":{"start":{"line":82,"column":40},"end":{"line":100,"column":null}},"line":82},"6":{"name":"(anonymous_6)","decl":{"start":{"line":85,"column":34},"end":{"line":85,"column":40}},"loc":{"start":{"line":86,"column":8},"end":{"line":86,"column":41}},"line":86},"7":{"name":"(anonymous_7)","decl":{"start":{"line":103,"column":34},"end":{"line":103,"column":41}},"loc":{"start":{"line":103,"column":61},"end":{"line":148,"column":null}},"line":103},"8":{"name":"(anonymous_8)","decl":{"start":{"line":152,"column":34},"end":{"line":152,"column":46}},"loc":{"start":{"line":152,"column":46},"end":{"line":186,"column":null}},"line":152},"9":{"name":"(anonymous_9)","decl":{"start":{"line":190,"column":8},"end":{"line":190,"column":36}},"loc":{"start":{"line":190,"column":36},"end":{"line":195,"column":null}},"line":190},"10":{"name":"(anonymous_10)","decl":{"start":{"line":198,"column":8},"end":{"line":198,"column":33}},"loc":{"start":{"line":198,"column":33},"end":{"line":204,"column":null}},"line":198},"11":{"name":"(anonymous_11)","decl":{"start":{"line":283,"column":37},"end":{"line":283,"column":42}},"loc":{"start":{"line":284,"column":22},"end":{"line":309,"column":null}},"line":284},"12":{"name":"(anonymous_12)","decl":{"start":{"line":286,"column":24},"end":{"line":286,"column":39}},"loc":{"start":{"line":286,"column":39},"end":{"line":286,"column":73}},"line":286},"13":{"name":"(anonymous_13)","decl":{"start":{"line":359,"column":58},"end":{"line":359,"column":63}},"loc":{"start":{"line":360,"column":24},"end":{"line":371,"column":null}},"line":360},"14":{"name":"(anonymous_14)","decl":{"start":{"line":361,"column":47},"end":{"line":361,"column":52}},"loc":{"start":{"line":362,"column":28},"end":{"line":369,"column":null}},"line":362},"15":{"name":"(anonymous_15)","decl":{"start":{"line":376,"column":60},"end":{"line":376,"column":65}},"loc":{"start":{"line":377,"column":26},"end":{"line":386,"column":null}},"line":377},"16":{"name":"(anonymous_16)","decl":{"start":{"line":378,"column":51},"end":{"line":378,"column":56}},"loc":{"start":{"line":379,"column":30},"end":{"line":384,"column":null}},"line":379}},"branchMap":{"0":{"loc":{"start":{"line":55,"column":10},"end":{"line":55,"column":64}},"type":"cond-expr","locations":[{"start":{"line":55,"column":35},"end":{"line":55,"column":59}},{"start":{"line":55,"column":62},"end":{"line":55,"column":64}}],"line":55},"1":{"loc":{"start":{"line":67,"column":4},"end":{"line":69,"column":null}},"type":"if","locations":[{"start":{"line":67,"column":4},"end":{"line":69,"column":null}},{"start":{},"end":{}}],"line":67},"2":{"loc":{"start":{"line":73,"column":14},"end":{"line":73,"column":null}},"type":"cond-expr","locations":[{"start":{"line":73,"column":39},"end":{"line":73,"column":53}},{"start":{"line":73,"column":53},"end":{"line":73,"column":null}}],"line":73},"3":{"loc":{"start":{"line":75,"column":16},"end":{"line":75,"column":39}},"type":"binary-expr","locations":[{"start":{"line":75,"column":16},"end":{"line":75,"column":37}},{"start":{"line":75,"column":37},"end":{"line":75,"column":39}}],"line":75},"4":{"loc":{"start":{"line":84,"column":24},"end":{"line":84,"column":77}},"type":"binary-expr","locations":[{"start":{"line":84,"column":24},"end":{"line":84,"column":71}},{"start":{"line":84,"column":75},"end":{"line":84,"column":77}}],"line":84},"5":{"loc":{"start":{"line":90,"column":25},"end":{"line":92,"column":null}},"type":"cond-expr","locations":[{"start":{"line":91,"column":10},"end":{"line":91,"column":65}},{"start":{"line":92,"column":10},"end":{"line":92,"column":null}}],"line":90},"6":{"loc":{"start":{"line":95,"column":25},"end":{"line":97,"column":null}},"type":"cond-expr","locations":[{"start":{"line":96,"column":10},"end":{"line":96,"column":52}},{"start":{"line":97,"column":10},"end":{"line":97,"column":null}}],"line":95},"7":{"loc":{"start":{"line":99,"column":13},"end":{"line":99,"column":null}},"type":"binary-expr","locations":[{"start":{"line":99,"column":13},"end":{"line":99,"column":26}},{"start":{"line":99,"column":26},"end":{"line":99,"column":40}},{"start":{"line":99,"column":40},"end":{"line":99,"column":null}}],"line":99},"8":{"loc":{"start":{"line":115,"column":6},"end":{"line":118,"column":null}},"type":"if","locations":[{"start":{"line":115,"column":6},"end":{"line":118,"column":null}},{"start":{},"end":{}}],"line":115},"9":{"loc":{"start":{"line":132,"column":6},"end":{"line":142,"column":null}},"type":"if","locations":[{"start":{"line":132,"column":6},"end":{"line":142,"column":null}},{"start":{"line":139,"column":13},"end":{"line":142,"column":null}}],"line":132},"10":{"loc":{"start":{"line":135,"column":8},"end":{"line":136,"column":null}},"type":"if","locations":[{"start":{"line":135,"column":8},"end":{"line":136,"column":null}},{"start":{},"end":{}}],"line":135},"11":{"loc":{"start":{"line":146,"column":8},"end":{"line":146,"column":null}},"type":"cond-expr","locations":[{"start":{"line":146,"column":31},"end":{"line":146,"column":45}},{"start":{"line":146,"column":45},"end":{"line":146,"column":null}}],"line":146},"12":{"loc":{"start":{"line":154,"column":4},"end":{"line":155,"column":null}},"type":"if","locations":[{"start":{"line":154,"column":4},"end":{"line":155,"column":null}},{"start":{},"end":{}}],"line":154},"13":{"loc":{"start":{"line":169,"column":6},"end":{"line":179,"column":null}},"type":"if","locations":[{"start":{"line":169,"column":6},"end":{"line":179,"column":null}},{"start":{"line":171,"column":13},"end":{"line":179,"column":null}}],"line":169},"14":{"loc":{"start":{"line":170,"column":17},"end":{"line":170,"column":70}},"type":"binary-expr","locations":[{"start":{"line":170,"column":17},"end":{"line":170,"column":37}},{"start":{"line":170,"column":37},"end":{"line":170,"column":70}}],"line":170},"15":{"loc":{"start":{"line":183,"column":8},"end":{"line":183,"column":null}},"type":"cond-expr","locations":[{"start":{"line":183,"column":31},"end":{"line":183,"column":45}},{"start":{"line":183,"column":45},"end":{"line":183,"column":null}}],"line":183},"16":{"loc":{"start":{"line":239,"column":27},"end":{"line":239,"column":null}},"type":"binary-expr","locations":[{"start":{"line":239,"column":27},"end":{"line":239,"column":45}},{"start":{"line":239,"column":45},"end":{"line":239,"column":null}}],"line":239},"17":{"loc":{"start":{"line":243,"column":15},"end":{"line":245,"column":null}},"type":"binary-expr","locations":[{"start":{"line":243,"column":15},"end":{"line":243,"column":null}},{"start":{"line":244,"column":16},"end":{"line":245,"column":null}}],"line":243},"18":{"loc":{"start":{"line":255,"column":11},"end":{"line":347,"column":null}},"type":"binary-expr","locations":[{"start":{"line":255,"column":11},"end":{"line":255,"column":31}},{"start":{"line":255,"column":31},"end":{"line":255,"column":null}},{"start":{"line":256,"column":12},"end":{"line":347,"column":null}}],"line":255},"19":{"loc":{"start":{"line":259,"column":19},"end":{"line":268,"column":null}},"type":"cond-expr","locations":[{"start":{"line":260,"column":20},"end":{"line":263,"column":null}},{"start":{"line":265,"column":20},"end":{"line":268,"column":null}}],"line":259},"20":{"loc":{"start":{"line":272,"column":19},"end":{"line":274,"column":null}},"type":"cond-expr","locations":[{"start":{"line":273,"column":22},"end":{"line":273,"column":null}},{"start":{"line":274,"column":22},"end":{"line":274,"column":null}}],"line":272},"21":{"loc":{"start":{"line":278,"column":17},"end":{"line":314,"column":33}},"type":"binary-expr","locations":[{"start":{"line":278,"column":17},"end":{"line":278,"column":null}},{"start":{"line":279,"column":18},"end":{"line":314,"column":33}}],"line":278},"22":{"loc":{"start":{"line":288,"column":26},"end":{"line":290,"column":null}},"type":"cond-expr","locations":[{"start":{"line":289,"column":30},"end":{"line":289,"column":null}},{"start":{"line":290,"column":30},"end":{"line":290,"column":null}}],"line":288},"23":{"loc":{"start":{"line":305,"column":27},"end":{"line":306,"column":null}},"type":"binary-expr","locations":[{"start":{"line":305,"column":27},"end":{"line":305,"column":null}},{"start":{"line":306,"column":28},"end":{"line":306,"column":null}}],"line":305},"24":{"loc":{"start":{"line":314,"column":17},"end":{"line":320,"column":null}},"type":"binary-expr","locations":[{"start":{"line":314,"column":17},"end":{"line":314,"column":null}},{"start":{"line":315,"column":18},"end":{"line":320,"column":null}}],"line":314},"25":{"loc":{"start":{"line":328,"column":20},"end":{"line":328,"column":null}},"type":"binary-expr","locations":[{"start":{"line":328,"column":20},"end":{"line":328,"column":50}},{"start":{"line":328,"column":50},"end":{"line":328,"column":null}}],"line":328},"26":{"loc":{"start":{"line":331,"column":19},"end":{"line":333,"column":null}},"type":"cond-expr","locations":[{"start":{"line":332,"column":22},"end":{"line":332,"column":null}},{"start":{"line":333,"column":22},"end":{"line":333,"column":null}}],"line":331},"27":{"loc":{"start":{"line":347,"column":11},"end":{"line":402,"column":null}},"type":"binary-expr","locations":[{"start":{"line":347,"column":11},"end":{"line":347,"column":null}},{"start":{"line":348,"column":12},"end":{"line":402,"column":null}}],"line":347},"28":{"loc":{"start":{"line":363,"column":31},"end":{"line":367,"column":null}},"type":"cond-expr","locations":[{"start":{"line":364,"column":34},"end":{"line":364,"column":null}},{"start":{"line":364,"column":34},"end":{"line":367,"column":null}}],"line":363},"29":{"loc":{"start":{"line":375,"column":23},"end":{"line":398,"column":null}},"type":"cond-expr","locations":[{"start":{"line":376,"column":24},"end":{"line":386,"column":null}},{"start":{"line":389,"column":24},"end":{"line":398,"column":null}}],"line":375}},"s":{"0":0,"1":0,"2":0,"3":0,"4":0,"5":0,"6":0,"7":0,"8":0,"9":0,"10":0,"11":0,"12":0,"13":0,"14":0,"15":0,"16":0,"17":0,"18":0,"19":0,"20":0,"21":0,"22":0,"23":0,"24":0,"25":0,"26":0,"27":0,"28":0,"29":0,"30":0,"31":0,"32":0,"33":0,"34":0,"35":0,"36":0,"37":0,"38":0,"39":0,"40":0,"41":0,"42":0,"43":0,"44":0,"45":0,"46":0,"47":0,"48":0,"49":0,"50":0,"51":0,"52":0,"53":0,"54":0,"55":0,"56":0,"57":0,"58":0,"59":0,"60":0,"61":0,"62":0,"63":0,"64":0,"65":0,"66":0,"67":0,"68":0,"69":0,"70":0,"71":0,"72":0,"73":0,"74":0,"75":0,"76":0,"77":0,"78":0,"79":0,"80":0,"81":0,"82":0,"83":0,"84":0,"85":0,"86":0,"87":0,"88":0,"89":0,"90":0,"91":0,"92":0,"93":0,"94":0},"f":{"0":0,"1":0,"2":0,"3":0,"4":0,"5":0,"6":0,"7":0,"8":0,"9":0,"10":0,"11":0,"12":0,"13":0,"14":0,"15":0,"16":0},"b":{"0":[0,0],"1":[0,0],"2":[0,0],"3":[0,0],"4":[0,0],"5":[0,0],"6":[0,0],"7":[0,0,0],"8":[0,0],"9":[0,0],"10":[0,0],"11":[0,0],"12":[0,0],"13":[0,0],"14":[0,0],"15":[0,0],"16":[0,0],"17":[0,0],"18":[0,0,0],"19":[0,0],"20":[0,0],"21":[0,0],"22":[0,0],"23":[0,0],"24":[0,0],"25":[0,0],"26":[0,0],"27":[0,0],"28":[0,0],"29":[0,0]},"meta":{"lastBranch":30,"lastFunction":17,"lastStatement":95,"seen":{"s:1:0:1:Infinity":0,"f:38:24:38:36":0,"s:39:24:39:56":1,"s:40:25:40:61":2,"s:41:23:41:57":3,"s:42:16:42:46":4,"s:43:19:43:57":5,"s:46:31:48:9":6,"s:49:26:49:71":7,"s:50:33:51:34":8,"s:52:27:52:65":9,"s:54:8:59:4":10,"b:55:35:55:59:55:62:55:64":0,"s:61:2:63:Infinity":11,"f:61:2:61:18":1,"s:62:4:62:Infinity":12,"s:65:23:75:Infinity":13,"f:65:23:65:35":2,"s:66:28:66:71":14,"b:67:4:69:Infinity:undefined:undefined:undefined:undefined":1,"s:67:4:69:Infinity":15,"s:68:6:68:Infinity":16,"s:69:6:69:Infinity":17,"s:71:30:74:7":18,"f:71:36:71:41":3,"s:71:63:74:7":19,"b:73:39:73:53:73:53:73:Infinity":2,"s:75:4:75:Infinity":20,"b:75:16:75:37:75:37:75:39":3,"s:79:8:100:Infinity":21,"f:79:8:79:32":4,"s:80:31:80:62":22,"s:82:4:100:Infinity":23,"f:82:20:82:28":5,"s:84:24:84:77":24,"b:84:24:84:71:84:75:84:77":4,"s:85:24:86:Infinity":25,"f:85:34:85:40":6,"s:86:8:86:41":26,"s:90:25:92:Infinity":27,"b:91:10:91:65:92:10:92:Infinity":5,"s:95:25:97:Infinity":28,"b:96:10:96:52:97:10:97:Infinity":6,"s:99:6:99:Infinity":29,"b:99:13:99:26:99:26:99:40:99:40:99:Infinity":7,"s:103:34:148:Infinity":30,"f:103:34:103:41":7,"s:104:4:104:Infinity":31,"s:105:4:105:Infinity":32,"s:106:4:106:Infinity":33,"s:107:4:107:Infinity":34,"s:108:4:108:Infinity":35,"s:109:4:109:Infinity":36,"s:111:4:148:Infinity":37,"s:113:21:113:54":38,"b:115:6:118:Infinity:undefined:undefined:undefined:undefined":8,"s:115:6:118:Infinity":39,"s:116:8:116:Infinity":40,"s:117:8:117:Infinity":41,"s:118:8:118:Infinity":42,"s:121:6:121:Infinity":43,"s:122:6:122:Infinity":44,"s:125:6:125:Infinity":45,"s:126:6:126:Infinity":46,"s:129:22:129:55":47,"s:130:6:130:Infinity":48,"b:132:6:142:Infinity:139:13:142:Infinity":9,"s:132:6:142:Infinity":49,"s:133:8:133:Infinity":50,"b:135:8:136:Infinity:undefined:undefined:undefined:undefined":10,"s:135:8:136:Infinity":51,"s:136:10:136:Infinity":52,"s:138:8:138:Infinity":53,"s:141:8:141:Infinity":54,"s:142:8:142:Infinity":55,"s:145:6:147:Infinity":56,"b:146:31:146:45:146:45:146:Infinity":11,"s:148:6:148:Infinity":57,"s:152:34:186:Infinity":58,"f:152:34:152:46":8,"s:153:4:153:Infinity":59,"b:154:4:155:Infinity:undefined:undefined:undefined:undefined":12,"s:154:4:155:Infinity":60,"s:155:6:155:Infinity":61,"s:158:4:158:Infinity":62,"s:160:4:160:Infinity":63,"s:161:4:161:Infinity":64,"s:163:4:186:Infinity":65,"s:164:25:166:Infinity":66,"b:169:6:179:Infinity:171:13:179:Infinity":13,"s:169:6:179:Infinity":67,"s:170:8:170:Infinity":68,"b:170:17:170:37:170:37:170:70":14,"s:172:8:175:Infinity":69,"s:177:8:177:Infinity":70,"s:178:8:178:Infinity":71,"s:179:8:179:Infinity":72,"s:182:6:184:Infinity":73,"b:183:31:183:45:183:45:183:Infinity":15,"s:186:6:186:Infinity":74,"s:190:8:195:Infinity":75,"f:190:8:190:36":9,"s:191:4:191:Infinity":76,"s:192:4:192:Infinity":77,"s:193:4:193:Infinity":78,"s:194:4:194:Infinity":79,"s:195:4:195:Infinity":80,"s:198:8:204:Infinity":81,"f:198:8:198:33":10,"s:199:4:199:Infinity":82,"s:200:4:200:Infinity":83,"s:201:4:201:Infinity":84,"s:202:4:202:Infinity":85,"s:203:4:203:Infinity":86,"s:204:4:204:Infinity":87,"s:207:2:402:Infinity":88,"b:239:27:239:45:239:45:239:Infinity":16,"b:243:15:243:Infinity:244:16:245:Infinity":17,"b:255:11:255:31:255:31:255:Infinity:256:12:347:Infinity":18,"b:260:20:263:Infinity:265:20:268:Infinity":19,"b:273:22:273:Infinity:274:22:274:Infinity":20,"b:278:17:278:Infinity:279:18:314:33":21,"f:283:37:283:42":11,"s:284:22:309:Infinity":89,"f:286:24:286:39":12,"s:286:39:286:73":90,"b:289:30:289:Infinity:290:30:290:Infinity":22,"b:305:27:305:Infinity:306:28:306:Infinity":23,"b:314:17:314:Infinity:315:18:320:Infinity":24,"b:328:20:328:50:328:50:328:Infinity":25,"b:332:22:332:Infinity:333:22:333:Infinity":26,"b:347:11:347:Infinity:348:12:402:Infinity":27,"f:359:58:359:63":13,"s:360:24:371:Infinity":91,"f:361:47:361:52":14,"s:362:28:369:Infinity":92,"b:364:34:364:Infinity:364:34:367:Infinity":28,"b:376:24:386:Infinity:389:24:398:Infinity":29,"f:376:60:376:65":15,"s:377:26:386:Infinity":93,"f:378:51:378:56":16,"s:379:30:384:Infinity":94}}}
,"/Users/juan/Desktop/Proyectos/Vitalitty/v-ai/app/login/page.tsx": {"path":"/Users/juan/Desktop/Proyectos/Vitalitty/v-ai/app/login/page.tsx","statementMap":{"0":{"start":{"line":1,"column":0},"end":{"line":1,"column":null}},"1":{"start":{"line":11,"column":16},"end":{"line":11,"column":40}},"2":{"start":{"line":12,"column":19},"end":{"line":12,"column":46}},"3":{"start":{"line":13,"column":18},"end":{"line":13,"column":47}},"4":{"start":{"line":14,"column":16},"end":{"line":14,"column":66}},"5":{"start":{"line":15,"column":8},"end":{"line":15,"column":28}},"6":{"start":{"line":17,"column":22},"end":{"line":39,"column":null}},"7":{"start":{"line":18,"column":4},"end":{"line":18,"column":null}},"8":{"start":{"line":19,"column":4},"end":{"line":19,"column":null}},"9":{"start":{"line":20,"column":4},"end":{"line":23,"column":null}},"10":{"start":{"line":25,"column":22},"end":{"line":28,"column":6}},"11":{"start":{"line":30,"column":4},"end":{"line":39,"column":null}},"12":{"start":{"line":31,"column":6},"end":{"line":34,"column":null}},"13":{"start":{"line":35,"column":6},"end":{"line":35,"column":null}},"14":{"start":{"line":37,"column":6},"end":{"line":37,"column":null}},"15":{"start":{"line":38,"column":6},"end":{"line":38,"column":null}},"16":{"start":{"line":39,"column":6},"end":{"line":39,"column":null}},"17":{"start":{"line":43,"column":2},"end":{"line":76,"column":null}}},"fnMap":{"0":{"name":"LoginPage","decl":{"start":{"line":10,"column":24},"end":{"line":10,"column":36}},"loc":{"start":{"line":10,"column":36},"end":{"line":76,"column":null}},"line":10},"1":{"name":"(anonymous_1)","decl":{"start":{"line":17,"column":22},"end":{"line":17,"column":29}},"loc":{"start":{"line":17,"column":52},"end":{"line":39,"column":null}},"line":17}},"branchMap":{"0":{"loc":{"start":{"line":30,"column":4},"end":{"line":39,"column":null}},"type":"if","locations":[{"start":{"line":30,"column":4},"end":{"line":39,"column":null}},{"start":{"line":36,"column":11},"end":{"line":39,"column":null}}],"line":30},"1":{"loc":{"start":{"line":30,"column":8},"end":{"line":30,"column":46}},"type":"binary-expr","locations":[{"start":{"line":30,"column":8},"end":{"line":30,"column":17}},{"start":{"line":30,"column":17},"end":{"line":30,"column":31}},{"start":{"line":30,"column":31},"end":{"line":30,"column":46}}],"line":30}},"s":{"0":1,"1":39,"2":39,"3":39,"4":39,"5":39,"6":39,"7":6,"8":6,"9":6,"10":6,"11":6,"12":2,"13":2,"14":4,"15":4,"16":4,"17":39},"f":{"0":39,"1":6},"b":{"0":[2,4],"1":[6,3,2]},"meta":{"lastBranch":2,"lastFunction":2,"lastStatement":18,"seen":{"s:1:0:1:Infinity":0,"f:10:24:10:36":0,"s:11:16:11:40":1,"s:12:19:12:46":2,"s:13:18:13:47":3,"s:14:16:14:66":4,"s:15:8:15:28":5,"s:17:22:39:Infinity":6,"f:17:22:17:29":1,"s:18:4:18:Infinity":7,"s:19:4:19:Infinity":8,"s:20:4:23:Infinity":9,"s:25:22:28:6":10,"b:30:4:39:Infinity:36:11:39:Infinity":0,"s:30:4:39:Infinity":11,"b:30:8:30:17:30:17:30:31:30:31:30:46":1,"s:31:6:34:Infinity":12,"s:35:6:35:Infinity":13,"s:37:6:37:Infinity":14,"s:38:6:38:Infinity":15,"s:39:6:39:Infinity":16,"s:43:2:76:Infinity":17}}}
,"/Users/juan/Desktop/Proyectos/Vitalitty/v-ai/src/components/audio/audio-recorder.tsx": {"path":"/Users/juan/Desktop/Proyectos/Vitalitty/v-ai/src/components/audio/audio-recorder.tsx","statementMap":{"0":{"start":{"line":14,"column":22},"end":{"line":14,"column":55}},"1":{"start":{"line":15,"column":27},"end":{"line":15,"column":79}},"2":{"start":{"line":17,"column":8},"end":{"line":17,"column":43}},"3":{"start":{"line":18,"column":8},"end":{"line":18,"column":61}},"4":{"start":{"line":20,"column":31},"end":{"line":64,"column":null}},"5":{"start":{"line":22,"column":4},"end":{"line":22,"column":null}},"6":{"start":{"line":25,"column":4},"end":{"line":25,"column":null}},"7":{"start":{"line":28,"column":19},"end":{"line":28,"column":77}},"8":{"start":{"line":31,"column":26},"end":{"line":31,"column":51}},"9":{"start":{"line":34,"column":4},"end":{"line":34,"column":null}},"10":{"start":{"line":37,"column":4},"end":{"line":41,"column":null}},"11":{"start":{"line":38,"column":6},"end":{"line":39,"column":null}},"12":{"start":{"line":39,"column":8},"end":{"line":39,"column":null}},"13":{"start":{"line":44,"column":4},"end":{"line":58,"column":null}},"14":{"start":{"line":46,"column":24},"end":{"line":48,"column":8}},"15":{"start":{"line":51,"column":23},"end":{"line":51,"column":53}},"16":{"start":{"line":54,"column":6},"end":{"line":54,"column":null}},"17":{"start":{"line":57,"column":6},"end":{"line":57,"column":null}},"18":{"start":{"line":61,"column":4},"end":{"line":61,"column":null}},"19":{"start":{"line":64,"column":4},"end":{"line":64,"column":null}},"20":{"start":{"line":67,"column":8},"end":{"line":79,"column":null}},"21":{"start":{"line":69,"column":4},"end":{"line":79,"column":null}},"22":{"start":{"line":71,"column":6},"end":{"line":71,"column":null}},"23":{"start":{"line":74,"column":6},"end":{"line":76,"column":null}},"24":{"start":{"line":76,"column":28},"end":{"line":76,"column":40}},"25":{"start":{"line":79,"column":6},"end":{"line":79,"column":null}},"26":{"start":{"line":83,"column":8},"end":{"line":94,"column":null}},"27":{"start":{"line":85,"column":4},"end":{"line":85,"column":null}},"28":{"start":{"line":88,"column":4},"end":{"line":88,"column":null}},"29":{"start":{"line":91,"column":4},"end":{"line":91,"column":null}},"30":{"start":{"line":94,"column":4},"end":{"line":94,"column":null}},"31":{"start":{"line":97,"column":2},"end":{"line":159,"column":null}}},"fnMap":{"0":{"name":"AudioRecorder","decl":{"start":{"line":10,"column":16},"end":{"line":10,"column":30}},"loc":{"start":{"line":13,"column":23},"end":{"line":159,"column":null}},"line":13},"1":{"name":"(anonymous_1)","decl":{"start":{"line":20,"column":31},"end":{"line":20,"column":43}},"loc":{"start":{"line":20,"column":43},"end":{"line":64,"column":null}},"line":20},"2":{"name":"(anonymous_2)","decl":{"start":{"line":37,"column":35},"end":{"line":37,"column":53}},"loc":{"start":{"line":37,"column":63},"end":{"line":41,"column":null}},"line":37},"3":{"name":"(anonymous_3)","decl":{"start":{"line":44,"column":35},"end":{"line":44,"column":49}},"loc":{"start":{"line":44,"column":49},"end":{"line":58,"column":null}},"line":44},"4":{"name":"(anonymous_4)","decl":{"start":{"line":67,"column":8},"end":{"line":67,"column":36}},"loc":{"start":{"line":67,"column":36},"end":{"line":79,"column":null}},"line":67},"5":{"name":"(anonymous_5)","decl":{"start":{"line":76,"column":9},"end":{"line":76,"column":18}},"loc":{"start":{"line":76,"column":28},"end":{"line":76,"column":40}},"line":76},"6":{"name":"(anonymous_6)","decl":{"start":{"line":83,"column":8},"end":{"line":83,"column":34}},"loc":{"start":{"line":83,"column":34},"end":{"line":94,"column":null}},"line":83}},"branchMap":{"0":{"loc":{"start":{"line":38,"column":6},"end":{"line":39,"column":null}},"type":"if","locations":[{"start":{"line":38,"column":6},"end":{"line":39,"column":null}},{"start":{},"end":{}}],"line":38},"1":{"loc":{"start":{"line":69,"column":4},"end":{"line":79,"column":null}},"type":"if","locations":[{"start":{"line":69,"column":4},"end":{"line":79,"column":null}},{"start":{},"end":{}}],"line":69},"2":{"loc":{"start":{"line":103,"column":7},"end":{"line":106,"column":null}},"type":"binary-expr","locations":[{"start":{"line":103,"column":7},"end":{"line":103,"column":null}},{"start":{"line":104,"column":8},"end":{"line":106,"column":null}}],"line":103},"3":{"loc":{"start":{"line":116,"column":7},"end":{"line":136,"column":null}},"type":"binary-expr","locations":[{"start":{"line":116,"column":7},"end":{"line":116,"column":null}},{"start":{"line":117,"column":8},"end":{"line":136,"column":null}}],"line":116},"4":{"loc":{"start":{"line":118,"column":19},"end":{"line":118,"column":null}},"type":"cond-expr","locations":[{"start":{"line":118,"column":33},"end":{"line":118,"column":55}},{"start":{"line":118,"column":55},"end":{"line":118,"column":null}}],"line":118},"5":{"loc":{"start":{"line":120,"column":12},"end":{"line":122,"column":null}},"type":"cond-expr","locations":[{"start":{"line":121,"column":16},"end":{"line":121,"column":null}},{"start":{"line":122,"column":16},"end":{"line":122,"column":null}}],"line":120},"6":{"loc":{"start":{"line":125,"column":11},"end":{"line":134,"column":null}},"type":"cond-expr","locations":[{"start":{"line":126,"column":12},"end":{"line":129,"column":null}},{"start":{"line":131,"column":12},"end":{"line":134,"column":null}}],"line":125},"7":{"loc":{"start":{"line":145,"column":7},"end":{"line":159,"column":null}},"type":"binary-expr","locations":[{"start":{"line":145,"column":7},"end":{"line":145,"column":null}},{"start":{"line":146,"column":8},"end":{"line":159,"column":null}}],"line":145},"8":{"loc":{"start":{"line":156,"column":13},"end":{"line":157,"column":null}},"type":"binary-expr","locations":[{"start":{"line":156,"column":13},"end":{"line":156,"column":71}},{"start":{"line":157,"column":14},"end":{"line":157,"column":null}}],"line":156}},"s":{"0":0,"1":0,"2":0,"3":0,"4":0,"5":0,"6":0,"7":0,"8":0,"9":0,"10":0,"11":0,"12":0,"13":0,"14":0,"15":0,"16":0,"17":0,"18":0,"19":0,"20":0,"21":0,"22":0,"23":0,"24":0,"25":0,"26":0,"27":0,"28":0,"29":0,"30":0,"31":0},"f":{"0":0,"1":0,"2":0,"3":0,"4":0,"5":0,"6":0},"b":{"0":[0,0],"1":[0,0],"2":[0,0],"3":[0,0],"4":[0,0],"5":[0,0],"6":[0,0],"7":[0,0],"8":[0,0]},"meta":{"lastBranch":9,"lastFunction":7,"lastStatement":32,"seen":{"f:10:16:10:30":0,"s:14:22:14:55":0,"s:15:27:15:79":1,"s:17:8:17:43":2,"s:18:8:18:61":3,"s:20:31:64:Infinity":4,"f:20:31:20:43":1,"s:22:4:22:Infinity":5,"s:25:4:25:Infinity":6,"s:28:19:28:77":7,"s:31:26:31:51":8,"s:34:4:34:Infinity":9,"s:37:4:41:Infinity":10,"f:37:35:37:53":2,"b:38:6:39:Infinity:undefined:undefined:undefined:undefined":0,"s:38:6:39:Infinity":11,"s:39:8:39:Infinity":12,"s:44:4:58:Infinity":13,"f:44:35:44:49":3,"s:46:24:48:8":14,"s:51:23:51:53":15,"s:54:6:54:Infinity":16,"s:57:6:57:Infinity":17,"s:61:4:61:Infinity":18,"s:64:4:64:Infinity":19,"s:67:8:79:Infinity":20,"f:67:8:67:36":4,"b:69:4:79:Infinity:undefined:undefined:undefined:undefined":1,"s:69:4:79:Infinity":21,"s:71:6:71:Infinity":22,"s:74:6:76:Infinity":23,"f:76:9:76:18":5,"s:76:28:76:40":24,"s:79:6:79:Infinity":25,"s:83:8:94:Infinity":26,"f:83:8:83:34":6,"s:85:4:85:Infinity":27,"s:88:4:88:Infinity":28,"s:91:4:91:Infinity":29,"s:94:4:94:Infinity":30,"s:97:2:159:Infinity":31,"b:103:7:103:Infinity:104:8:106:Infinity":2,"b:116:7:116:Infinity:117:8:136:Infinity":3,"b:118:33:118:55:118:55:118:Infinity":4,"b:121:16:121:Infinity:122:16:122:Infinity":5,"b:126:12:129:Infinity:131:12:134:Infinity":6,"b:145:7:145:Infinity:146:8:159:Infinity":7,"b:156:13:156:71:157:14:157:Infinity":8}}}
,"/Users/juan/Desktop/Proyectos/Vitalitty/v-ai/src/components/audio/transcription-display.tsx": {"path":"/Users/juan/Desktop/Proyectos/Vitalitty/v-ai/src/components/audio/transcription-display.tsx","statementMap":{"0":{"start":{"line":13,"column":2},"end":{"line":17,"column":null}},"1":{"start":{"line":14,"column":4},"end":{"line":17,"column":null}},"2":{"start":{"line":21,"column":2},"end":{"line":25,"column":null}},"3":{"start":{"line":22,"column":4},"end":{"line":25,"column":null}},"4":{"start":{"line":28,"column":2},"end":{"line":29,"column":null}},"5":{"start":{"line":29,"column":4},"end":{"line":29,"column":null}},"6":{"start":{"line":31,"column":2},"end":{"line":36,"column":null}}},"fnMap":{"0":{"name":"TranscriptionDisplay","decl":{"start":{"line":8,"column":16},"end":{"line":8,"column":37}},"loc":{"start":{"line":12,"column":30},"end":{"line":36,"column":null}},"line":12}},"branchMap":{"0":{"loc":{"start":{"line":13,"column":2},"end":{"line":17,"column":null}},"type":"if","locations":[{"start":{"line":13,"column":2},"end":{"line":17,"column":null}},{"start":{},"end":{}}],"line":13},"1":{"loc":{"start":{"line":21,"column":2},"end":{"line":25,"column":null}},"type":"if","locations":[{"start":{"line":21,"column":2},"end":{"line":25,"column":null}},{"start":{},"end":{}}],"line":21},"2":{"loc":{"start":{"line":28,"column":2},"end":{"line":29,"column":null}},"type":"if","locations":[{"start":{"line":28,"column":2},"end":{"line":29,"column":null}},{"start":{},"end":{}}],"line":28}},"s":{"0":0,"1":0,"2":0,"3":0,"4":0,"5":0,"6":0},"f":{"0":0},"b":{"0":[0,0],"1":[0,0],"2":[0,0]},"meta":{"lastBranch":3,"lastFunction":1,"lastStatement":7,"seen":{"f:8:16:8:37":0,"b:13:2:17:Infinity:undefined:undefined:undefined:undefined":0,"s:13:2:17:Infinity":0,"s:14:4:17:Infinity":1,"b:21:2:25:Infinity:undefined:undefined:undefined:undefined":1,"s:21:2:25:Infinity":2,"s:22:4:25:Infinity":3,"b:28:2:29:Infinity:undefined:undefined:undefined:undefined":2,"s:28:2:29:Infinity":4,"s:29:4:29:Infinity":5,"s:31:2:36:Infinity":6}}}
,"/Users/juan/Desktop/Proyectos/Vitalitty/v-ai/src/components/layout/app-comboBox.tsx": {"path":"/Users/juan/Desktop/Proyectos/Vitalitty/v-ai/src/components/layout/app-comboBox.tsx","statementMap":{"0":{"start":{"line":1,"column":0},"end":{"line":1,"column":null}},"1":{"start":{"line":30,"column":26},"end":{"line":30,"column":47}},"2":{"start":{"line":31,"column":28},"end":{"line":31,"column":46}},"3":{"start":{"line":33,"column":2},"end":{"line":78,"column":null}},"4":{"start":{"line":43,"column":35},"end":{"line":43,"column":64}},"5":{"start":{"line":55,"column":16},"end":{"line":73,"column":null}},"6":{"start":{"line":59,"column":20},"end":{"line":59,"column":null}},"7":{"start":{"line":60,"column":20},"end":{"line":60,"column":null}},"8":{"start":{"line":60,"column":34},"end":{"line":60,"column":null}},"9":{"start":{"line":61,"column":20},"end":{"line":61,"column":null}}},"fnMap":{"0":{"name":"ComboBox","decl":{"start":{"line":23,"column":16},"end":{"line":23,"column":25}},"loc":{"start":{"line":29,"column":3},"end":{"line":78,"column":null}},"line":29},"1":{"name":"(anonymous_1)","decl":{"start":{"line":43,"column":20},"end":{"line":43,"column":26}},"loc":{"start":{"line":43,"column":35},"end":{"line":43,"column":64}},"line":43},"2":{"name":"(anonymous_2)","decl":{"start":{"line":54,"column":21},"end":{"line":54,"column":26}},"loc":{"start":{"line":55,"column":16},"end":{"line":73,"column":null}},"line":55},"3":{"name":"(anonymous_3)","decl":{"start":{"line":58,"column":18},"end":{"line":58,"column":29}},"loc":{"start":{"line":58,"column":46},"end":{"line":61,"column":null}},"line":58}},"branchMap":{"0":{"loc":{"start":{"line":42,"column":11},"end":{"line":44,"column":null}},"type":"cond-expr","locations":[{"start":{"line":43,"column":14},"end":{"line":43,"column":null}},{"start":{"line":44,"column":14},"end":{"line":44,"column":null}}],"line":42},"1":{"loc":{"start":{"line":59,"column":29},"end":{"line":59,"column":72}},"type":"cond-expr","locations":[{"start":{"line":59,"column":54},"end":{"line":59,"column":59}},{"start":{"line":59,"column":59},"end":{"line":59,"column":72}}],"line":59},"2":{"loc":{"start":{"line":60,"column":20},"end":{"line":60,"column":null}},"type":"if","locations":[{"start":{"line":60,"column":20},"end":{"line":60,"column":null}},{"start":{},"end":{}}],"line":60},"3":{"loc":{"start":{"line":67,"column":22},"end":{"line":69,"column":null}},"type":"cond-expr","locations":[{"start":{"line":68,"column":26},"end":{"line":68,"column":null}},{"start":{"line":69,"column":26},"end":{"line":69,"column":null}}],"line":67}},"s":{"0":0,"1":0,"2":0,"3":0,"4":0,"5":0,"6":0,"7":0,"8":0,"9":0},"f":{"0":0,"1":0,"2":0,"3":0},"b":{"0":[0,0],"1":[0,0],"2":[0,0],"3":[0,0]},"meta":{"lastBranch":4,"lastFunction":4,"lastStatement":10,"seen":{"s:1:0:1:Infinity":0,"f:23:16:23:25":0,"s:30:26:30:47":1,"s:31:28:31:46":2,"s:33:2:78:Infinity":3,"b:43:14:43:Infinity:44:14:44:Infinity":0,"f:43:20:43:26":1,"s:43:35:43:64":4,"f:54:21:54:26":2,"s:55:16:73:Infinity":5,"f:58:18:58:29":3,"s:59:20:59:Infinity":6,"b:59:54:59:59:59:59:59:72":1,"b:60:20:60:Infinity:undefined:undefined:undefined:undefined":2,"s:60:20:60:Infinity":7,"s:60:34:60:Infinity":8,"s:61:20:61:Infinity":9,"b:68:26:68:Infinity:69:26:69:Infinity":3}}}
,"/Users/juan/Desktop/Proyectos/Vitalitty/v-ai/src/components/layout/app-sidebar.tsx": {"path":"/Users/juan/Desktop/Proyectos/Vitalitty/v-ai/src/components/layout/app-sidebar.tsx","statementMap":{"0":{"start":{"line":1,"column":0},"end":{"line":1,"column":null}},"1":{"start":{"line":20,"column":13},"end":{"line":44,"column":null}},"2":{"start":{"line":46,"column":17},"end":{"line":50,"column":null}},"3":{"start":{"line":47,"column":2},"end":{"line":50,"column":null}},"4":{"start":{"line":48,"column":4},"end":{"line":48,"column":null}},"5":{"start":{"line":49,"column":4},"end":{"line":49,"column":null}},"6":{"start":{"line":50,"column":4},"end":{"line":50,"column":null}},"7":{"start":{"line":55,"column":2},"end":{"line":55,"column":null}},"8":{"start":{"line":56,"column":8},"end":{"line":56,"column":28}},"9":{"start":{"line":57,"column":2},"end":{"line":72,"column":null}},"10":{"start":{"line":68,"column":29},"end":{"line":68,"column":56}},"11":{"start":{"line":69,"column":30},"end":{"line":69,"column":null}}},"fnMap":{"0":{"name":"(anonymous_0)","decl":{"start":{"line":46,"column":17},"end":{"line":46,"column":24}},"loc":{"start":{"line":46,"column":68},"end":{"line":50,"column":null}},"line":46},"1":{"name":"AppSidebar","decl":{"start":{"line":54,"column":16},"end":{"line":54,"column":27}},"loc":{"start":{"line":54,"column":79},"end":{"line":72,"column":null}},"line":54},"2":{"name":"(anonymous_2)","decl":{"start":{"line":68,"column":10},"end":{"line":68,"column":29}},"loc":{"start":{"line":68,"column":29},"end":{"line":68,"column":56}},"line":68},"3":{"name":"(anonymous_3)","decl":{"start":{"line":69,"column":10},"end":{"line":69,"column":30}},"loc":{"start":{"line":69,"column":30},"end":{"line":69,"column":null}},"line":69}},"branchMap":{"0":{"loc":{"start":{"line":47,"column":2},"end":{"line":50,"column":null}},"type":"if","locations":[{"start":{"line":47,"column":2},"end":{"line":50,"column":null}},{"start":{},"end":{}}],"line":47}},"s":{"0":0,"1":0,"2":0,"3":0,"4":0,"5":0,"6":0,"7":0,"8":0,"9":0,"10":0,"11":0},"f":{"0":0,"1":0,"2":0,"3":0},"b":{"0":[0,0]},"meta":{"lastBranch":1,"lastFunction":4,"lastStatement":12,"seen":{"s:1:0:1:Infinity":0,"s:20:13:44:Infinity":1,"s:46:17:50:Infinity":2,"f:46:17:46:24":0,"b:47:2:50:Infinity:undefined:undefined:undefined:undefined":0,"s:47:2:50:Infinity":3,"s:48:4:48:Infinity":4,"s:49:4:49:Infinity":5,"s:50:4:50:Infinity":6,"f:54:16:54:27":1,"s:55:2:55:Infinity":7,"s:56:8:56:28":8,"s:57:2:72:Infinity":9,"f:68:10:68:29":2,"s:68:29:68:56":10,"f:69:10:69:30":3,"s:69:30:69:Infinity":11}}}
,"/Users/juan/Desktop/Proyectos/Vitalitty/v-ai/src/components/layout/login-form.tsx": {"path":"/Users/juan/Desktop/Proyectos/Vitalitty/v-ai/src/components/layout/login-form.tsx","statementMap":{"0":{"start":{"line":27,"column":6},"end":{"line":36,"column":null}},"1":{"start":{"line":28,"column":2},"end":{"line":36,"column":null}},"2":{"start":{"line":30,"column":6},"end":{"line":30,"column":null}},"3":{"start":{"line":32,"column":6},"end":{"line":32,"column":null}},"4":{"start":{"line":34,"column":6},"end":{"line":34,"column":null}},"5":{"start":{"line":36,"column":6},"end":{"line":36,"column":null}},"6":{"start":{"line":50,"column":2},"end":{"line":122,"column":null}},"7":{"start":{"line":72,"column":29},"end":{"line":72,"column":null}},"8":{"start":{"line":114,"column":29},"end":{"line":114,"column":null}}},"fnMap":{"0":{"name":"(anonymous_0)","decl":{"start":{"line":27,"column":6},"end":{"line":27,"column":24}},"loc":{"start":{"line":27,"column":42},"end":{"line":36,"column":null}},"line":27},"1":{"name":"LoginForm","decl":{"start":{"line":40,"column":16},"end":{"line":40,"column":26}},"loc":{"start":{"line":49,"column":19},"end":{"line":122,"column":null}},"line":49},"2":{"name":"(anonymous_2)","decl":{"start":{"line":72,"column":12},"end":{"line":72,"column":23}},"loc":{"start":{"line":72,"column":29},"end":{"line":72,"column":null}},"line":72},"3":{"name":"(anonymous_3)","decl":{"start":{"line":114,"column":12},"end":{"line":114,"column":23}},"loc":{"start":{"line":114,"column":29},"end":{"line":114,"column":null}},"line":114}},"branchMap":{"0":{"loc":{"start":{"line":28,"column":2},"end":{"line":36,"column":null}},"type":"switch","locations":[{"start":{"line":29,"column":4},"end":{"line":30,"column":null}},{"start":{"line":31,"column":4},"end":{"line":32,"column":null}},{"start":{"line":33,"column":4},"end":{"line":34,"column":null}},{"start":{"line":35,"column":4},"end":{"line":36,"column":null}}],"line":28},"1":{"loc":{"start":{"line":52,"column":7},"end":{"line":57,"column":7}},"type":"binary-expr","locations":[{"start":{"line":52,"column":7},"end":{"line":52,"column":16}},{"start":{"line":52,"column":16},"end":{"line":52,"column":30}},{"start":{"line":52,"column":30},"end":{"line":52,"column":null}},{"start":{"line":53,"column":8},"end":{"line":57,"column":7}}],"line":52},"2":{"loc":{"start":{"line":71,"column":19},"end":{"line":71,"column":null}},"type":"binary-expr","locations":[{"start":{"line":71,"column":19},"end":{"line":71,"column":28}},{"start":{"line":71,"column":28},"end":{"line":71,"column":null}}],"line":71},"3":{"loc":{"start":{"line":113,"column":19},"end":{"line":113,"column":null}},"type":"binary-expr","locations":[{"start":{"line":113,"column":19},"end":{"line":113,"column":31}},{"start":{"line":113,"column":31},"end":{"line":113,"column":null}}],"line":113},"4":{"loc":{"start":{"line":119,"column":13},"end":{"line":119,"column":null}},"type":"cond-expr","locations":[{"start":{"line":119,"column":23},"end":{"line":119,"column":47}},{"start":{"line":119,"column":47},"end":{"line":119,"column":null}}],"line":119}},"s":{"0":1,"1":4,"2":0,"3":0,"4":1,"5":3,"6":39,"7":7,"8":7},"f":{"0":4,"1":39,"2":7,"3":7},"b":{"0":[0,0,1,3],"1":[39,10,4,4],"2":[39,16],"3":[39,21],"4":[8,31]},"meta":{"lastBranch":5,"lastFunction":4,"lastStatement":9,"seen":{"s:27:6:36:Infinity":0,"f:27:6:27:24":0,"b:29:4:30:Infinity:31:4:32:Infinity:33:4:34:Infinity:35:4:36:Infinity":0,"s:28:2:36:Infinity":1,"s:30:6:30:Infinity":2,"s:32:6:32:Infinity":3,"s:34:6:34:Infinity":4,"s:36:6:36:Infinity":5,"f:40:16:40:26":1,"s:50:2:122:Infinity":6,"b:52:7:52:16:52:16:52:30:52:30:52:Infinity:53:8:57:7":1,"b:71:19:71:28:71:28:71:Infinity":2,"f:72:12:72:23":2,"s:72:29:72:Infinity":7,"b:113:19:113:31:113:31:113:Infinity":3,"f:114:12:114:23":3,"s:114:29:114:Infinity":8,"b:119:23:119:47:119:47:119:Infinity":4}}}
,"/Users/juan/Desktop/Proyectos/Vitalitty/v-ai/src/components/layout/main-layout.tsx": {"path":"/Users/juan/Desktop/Proyectos/Vitalitty/v-ai/src/components/layout/main-layout.tsx","statementMap":{"0":{"start":{"line":1,"column":0},"end":{"line":1,"column":null}},"1":{"start":{"line":12,"column":8},"end":{"line":12,"column":32}},"2":{"start":{"line":13,"column":22},"end":{"line":13,"column":null}},"3":{"start":{"line":15,"column":2},"end":{"line":16,"column":null}},"4":{"start":{"line":16,"column":4},"end":{"line":16,"column":null}},"5":{"start":{"line":19,"column":2},"end":{"line":26,"column":null}}},"fnMap":{"0":{"name":"MainLayout","decl":{"start":{"line":11,"column":16},"end":{"line":11,"column":27}},"loc":{"start":{"line":11,"column":58},"end":{"line":26,"column":null}},"line":11}},"branchMap":{"0":{"loc":{"start":{"line":15,"column":2},"end":{"line":16,"column":null}},"type":"if","locations":[{"start":{"line":15,"column":2},"end":{"line":16,"column":null}},{"start":{},"end":{}}],"line":15}},"s":{"0":0,"1":0,"2":0,"3":0,"4":0,"5":0},"f":{"0":0},"b":{"0":[0,0]},"meta":{"lastBranch":1,"lastFunction":1,"lastStatement":6,"seen":{"s:1:0:1:Infinity":0,"f:11:16:11:27":0,"s:12:8:12:32":1,"s:13:22:13:Infinity":2,"b:15:2:16:Infinity:undefined:undefined:undefined:undefined":0,"s:15:2:16:Infinity":3,"s:16:4:16:Infinity":4,"s:19:2:26:Infinity":5}}}
,"/Users/juan/Desktop/Proyectos/Vitalitty/v-ai/src/components/layout/theme-toggle.tsx": {"path":"/Users/juan/Desktop/Proyectos/Vitalitty/v-ai/src/components/layout/theme-toggle.tsx","statementMap":{"0":{"start":{"line":1,"column":0},"end":{"line":1,"column":null}},"1":{"start":{"line":9,"column":16},"end":{"line":9,"column":67}},"2":{"start":{"line":11,"column":2},"end":{"line":35,"column":null}},"3":{"start":{"line":13,"column":19},"end":{"line":13,"column":48}},"4":{"start":{"line":16,"column":4},"end":{"line":22,"column":null}},"5":{"start":{"line":17,"column":6},"end":{"line":17,"column":null}},"6":{"start":{"line":19,"column":26},"end":{"line":21,"column":null}},"7":{"start":{"line":22,"column":6},"end":{"line":22,"column":null}},"8":{"start":{"line":26,"column":4},"end":{"line":26,"column":null}},"9":{"start":{"line":30,"column":22},"end":{"line":32,"column":9}},"10":{"start":{"line":31,"column":6},"end":{"line":31,"column":null}},"11":{"start":{"line":34,"column":4},"end":{"line":34,"column":null}},"12":{"start":{"line":34,"column":17},"end":{"line":34,"column":40}},"13":{"start":{"line":37,"column":8},"end":{"line":42,"column":null}},"14":{"start":{"line":38,"column":4},"end":{"line":38,"column":null}},"15":{"start":{"line":38,"column":16},"end":{"line":38,"column":null}},"16":{"start":{"line":39,"column":21},"end":{"line":39,"column":null}},"17":{"start":{"line":40,"column":4},"end":{"line":40,"column":null}},"18":{"start":{"line":41,"column":4},"end":{"line":41,"column":null}},"19":{"start":{"line":42,"column":4},"end":{"line":42,"column":null}},"20":{"start":{"line":46,"column":2},"end":{"line":50,"column":null}},"21":{"start":{"line":47,"column":4},"end":{"line":50,"column":null}},"22":{"start":{"line":54,"column":2},"end":{"line":66,"column":null}}},"fnMap":{"0":{"name":"ThemeToggle","decl":{"start":{"line":7,"column":16},"end":{"line":7,"column":30}},"loc":{"start":{"line":7,"column":30},"end":{"line":66,"column":null}},"line":7},"1":{"name":"(anonymous_1)","decl":{"start":{"line":11,"column":2},"end":{"line":11,"column":18}},"loc":{"start":{"line":11,"column":18},"end":{"line":35,"column":7}},"line":11},"2":{"name":"(anonymous_2)","decl":{"start":{"line":30,"column":22},"end":{"line":30,"column":39}},"loc":{"start":{"line":30,"column":39},"end":{"line":32,"column":9}},"line":30},"3":{"name":"(anonymous_3)","decl":{"start":{"line":34,"column":4},"end":{"line":34,"column":17}},"loc":{"start":{"line":34,"column":17},"end":{"line":34,"column":40}},"line":34},"4":{"name":"(anonymous_4)","decl":{"start":{"line":37,"column":8},"end":{"line":37,"column":28}},"loc":{"start":{"line":37,"column":28},"end":{"line":42,"column":null}},"line":37}},"branchMap":{"0":{"loc":{"start":{"line":16,"column":4},"end":{"line":22,"column":null}},"type":"if","locations":[{"start":{"line":16,"column":4},"end":{"line":22,"column":null}},{"start":{"line":18,"column":11},"end":{"line":22,"column":null}}],"line":16},"1":{"loc":{"start":{"line":16,"column":8},"end":{"line":16,"column":49}},"type":"binary-expr","locations":[{"start":{"line":16,"column":8},"end":{"line":16,"column":29}},{"start":{"line":16,"column":29},"end":{"line":16,"column":49}}],"line":16},"2":{"loc":{"start":{"line":22,"column":21},"end":{"line":22,"column":null}},"type":"cond-expr","locations":[{"start":{"line":22,"column":35},"end":{"line":22,"column":44}},{"start":{"line":22,"column":44},"end":{"line":22,"column":null}}],"line":22},"3":{"loc":{"start":{"line":38,"column":4},"end":{"line":38,"column":null}},"type":"if","locations":[{"start":{"line":38,"column":4},"end":{"line":38,"column":null}},{"start":{},"end":{}}],"line":38},"4":{"loc":{"start":{"line":39,"column":21},"end":{"line":39,"column":null}},"type":"cond-expr","locations":[{"start":{"line":39,"column":40},"end":{"line":39,"column":50}},{"start":{"line":39,"column":50},"end":{"line":39,"column":null}}],"line":39},"5":{"loc":{"start":{"line":46,"column":2},"end":{"line":50,"column":null}},"type":"if","locations":[{"start":{"line":46,"column":2},"end":{"line":50,"column":null}},{"start":{},"end":{}}],"line":46},"6":{"loc":{"start":{"line":61,"column":8},"end":{"line":61,"column":null}},"type":"cond-expr","locations":[{"start":{"line":61,"column":27},"end":{"line":61,"column":52}},{"start":{"line":61,"column":52},"end":{"line":61,"column":null}}],"line":61}},"s":{"0":0,"1":0,"2":0,"3":0,"4":0,"5":0,"6":0,"7":0,"8":0,"9":0,"10":0,"11":0,"12":0,"13":0,"14":0,"15":0,"16":0,"17":0,"18":0,"19":0,"20":0,"21":0,"22":0},"f":{"0":0,"1":0,"2":0,"3":0,"4":0},"b":{"0":[0,0],"1":[0,0],"2":[0,0],"3":[0,0],"4":[0,0],"5":[0,0],"6":[0,0]},"meta":{"lastBranch":7,"lastFunction":5,"lastStatement":23,"seen":{"s:1:0:1:Infinity":0,"f:7:16:7:30":0,"s:9:16:9:67":1,"s:11:2:35:Infinity":2,"f:11:2:11:18":1,"s:13:19:13:48":3,"b:16:4:22:Infinity:18:11:22:Infinity":0,"s:16:4:22:Infinity":4,"b:16:8:16:29:16:29:16:49":1,"s:17:6:17:Infinity":5,"s:19:26:21:Infinity":6,"s:22:6:22:Infinity":7,"b:22:35:22:44:22:44:22:Infinity":2,"s:26:4:26:Infinity":8,"s:30:22:32:9":9,"f:30:22:30:39":2,"s:31:6:31:Infinity":10,"s:34:4:34:Infinity":11,"f:34:4:34:17":3,"s:34:17:34:40":12,"s:37:8:42:Infinity":13,"f:37:8:37:28":4,"b:38:4:38:Infinity:undefined:undefined:undefined:undefined":3,"s:38:4:38:Infinity":14,"s:38:16:38:Infinity":15,"s:39:21:39:Infinity":16,"b:39:40:39:50:39:50:39:Infinity":4,"s:40:4:40:Infinity":17,"s:41:4:41:Infinity":18,"s:42:4:42:Infinity":19,"b:46:2:50:Infinity:undefined:undefined:undefined:undefined":5,"s:46:2:50:Infinity":20,"s:47:4:50:Infinity":21,"s:54:2:66:Infinity":22,"b:61:27:61:52:61:52:61:Infinity":6}}}
,"/Users/juan/Desktop/Proyectos/Vitalitty/v-ai/src/components/layout/forms/date-picker.tsx": {"path":"/Users/juan/Desktop/Proyectos/Vitalitty/v-ai/src/components/layout/forms/date-picker.tsx","statementMap":{"0":{"start":{"line":1,"column":0},"end":{"line":1,"column":null}},"1":{"start":{"line":22,"column":42},"end":{"line":22,"column":64}},"2":{"start":{"line":23,"column":34},"end":{"line":23,"column":79}},"3":{"start":{"line":25,"column":15},"end":{"line":25,"column":null}},"4":{"start":{"line":26,"column":18},"end":{"line":26,"column":null}},"5":{"start":{"line":28,"column":2},"end":{"line":30,"column":null}},"6":{"start":{"line":29,"column":4},"end":{"line":29,"column":null}},"7":{"start":{"line":32,"column":2},"end":{"line":57,"column":null}}},"fnMap":{"0":{"name":"DatePicker","decl":{"start":{"line":21,"column":16},"end":{"line":21,"column":27}},"loc":{"start":{"line":21,"column":65},"end":{"line":57,"column":null}},"line":21},"1":{"name":"(anonymous_1)","decl":{"start":{"line":28,"column":8},"end":{"line":28,"column":24}},"loc":{"start":{"line":28,"column":24},"end":{"line":30,"column":7}},"line":28}},"branchMap":{"0":{"loc":{"start":{"line":25,"column":15},"end":{"line":25,"column":null}},"type":"cond-expr","locations":[{"start":{"line":25,"column":37},"end":{"line":25,"column":45}},{"start":{"line":25,"column":45},"end":{"line":25,"column":null}}],"line":25},"1":{"loc":{"start":{"line":26,"column":18},"end":{"line":26,"column":null}},"type":"binary-expr","locations":[{"start":{"line":26,"column":18},"end":{"line":26,"column":30}},{"start":{"line":26,"column":30},"end":{"line":26,"column":null}}],"line":26},"2":{"loc":{"start":{"line":41,"column":11},"end":{"line":44,"column":null}},"type":"cond-expr","locations":[{"start":{"line":41,"column":11},"end":{"line":42,"column":64}},{"start":{"line":44,"column":12},"end":{"line":44,"column":null}}],"line":41}},"s":{"0":0,"1":0,"2":0,"3":0,"4":0,"5":0,"6":0,"7":0},"f":{"0":0,"1":0},"b":{"0":[0,0],"1":[0,0],"2":[0,0]},"meta":{"lastBranch":3,"lastFunction":2,"lastStatement":8,"seen":{"s:1:0:1:Infinity":0,"f:21:16:21:27":0,"s:22:42:22:64":1,"s:23:34:23:79":2,"s:25:15:25:Infinity":3,"b:25:37:25:45:25:45:25:Infinity":0,"s:26:18:26:Infinity":4,"b:26:18:26:30:26:30:26:Infinity":1,"s:28:2:30:Infinity":5,
[...]
n":null}}],"line":100},"8":{"loc":{"start":{"line":114,"column":16},"end":{"line":114,"column":null}},"type":"cond-expr","locations":[{"start":{"line":114,"column":23},"end":{"line":114,"column":36}},{"start":{"line":114,"column":36},"end":{"line":114,"column":null}}],"line":114},"9":{"loc":{"start":{"line":155,"column":2},"end":{"line":155,"column":null}},"type":"default-arg","locations":[{"start":{"line":155,"column":9},"end":{"line":155,"column":null}}],"line":155},"10":{"loc":{"start":{"line":156,"column":2},"end":{"line":156,"column":null}},"type":"default-arg","locations":[{"start":{"line":156,"column":12},"end":{"line":156,"column":null}}],"line":156},"11":{"loc":{"start":{"line":157,"column":2},"end":{"line":157,"column":null}},"type":"default-arg","locations":[{"start":{"line":157,"column":16},"end":{"line":157,"column":null}}],"line":157},"12":{"loc":{"start":{"line":168,"column":2},"end":{"line":179,"column":null}},"type":"if","locations":[{"start":{"line":168,"column":2},"end":{"line":179,"column":null}},{"start":{},"end":{}}],"line":168},"13":{"loc":{"start":{"line":183,"column":2},"end":{"line":204,"column":null}},"type":"if","locations":[{"start":{"line":183,"column":2},"end":{"line":204,"column":null}},{"start":{},"end":{}}],"line":183},"14":{"loc":{"start":{"line":212,"column":24},"end":{"line":212,"column":null}},"type":"cond-expr","locations":[{"start":{"line":212,"column":48},"end":{"line":212,"column":62}},{"start":{"line":212,"column":62},"end":{"line":212,"column":null}}],"line":212},"15":{"loc":{"start":{"line":224,"column":10},"end":{"line":226,"column":null}},"type":"cond-expr","locations":[{"start":{"line":225,"column":14},"end":{"line":225,"column":null}},{"start":{"line":226,"column":14},"end":{"line":226,"column":null}}],"line":224},"16":{"loc":{"start":{"line":224,"column":10},"end":{"line":224,"column":null}},"type":"binary-expr","locations":[{"start":{"line":224,"column":10},"end":{"line":224,"column":36}},{"start":{"line":224,"column":36},"end":{"line":224,"column":null}}],"line":224},"17":{"loc":{"start":{"line":233,"column":10},"end":{"line":235,"column":null}},"type":"cond-expr","locations":[{"start":{"line":234,"column":14},"end":{"line":234,"column":null}},{"start":{"line":235,"column":14},"end":{"line":235,"column":null}}],"line":233},"18":{"loc":{"start":{"line":237,"column":10},"end":{"line":239,"column":null}},"type":"cond-expr","locations":[{"start":{"line":238,"column":14},"end":{"line":238,"column":null}},{"start":{"line":239,"column":14},"end":{"line":239,"column":null}}],"line":237},"19":{"loc":{"start":{"line":237,"column":10},"end":{"line":237,"column":null}},"type":"binary-expr","locations":[{"start":{"line":237,"column":10},"end":{"line":237,"column":36}},{"start":{"line":237,"column":36},"end":{"line":237,"column":null}}],"line":237},"20":{"loc":{"start":{"line":398,"column":2},"end":{"line":398,"column":null}},"type":"default-arg","locations":[{"start":{"line":398,"column":12},"end":{"line":398,"column":null}}],"line":398},"21":{"loc":{"start":{"line":401,"column":15},"end":{"line":401,"column":null}},"type":"cond-expr","locations":[{"start":{"line":401,"column":25},"end":{"line":401,"column":32}},{"start":{"line":401,"column":32},"end":{"line":401,"column":null}}],"line":401},"22":{"loc":{"start":{"line":419,"column":2},"end":{"line":419,"column":null}},"type":"default-arg","locations":[{"start":{"line":419,"column":12},"end":{"line":419,"column":null}}],"line":419},"23":{"loc":{"start":{"line":422,"column":15},"end":{"line":422,"column":null}},"type":"cond-expr","locations":[{"start":{"line":422,"column":25},"end":{"line":422,"column":32}},{"start":{"line":422,"column":32},"end":{"line":422,"column":null}}],"line":422},"24":{"loc":{"start":{"line":499,"column":2},"end":{"line":499,"column":null}},"type":"default-arg","locations":[{"start":{"line":499,"column":12},"end":{"line":499,"column":null}}],"line":499},"25":{"loc":{"start":{"line":500,"column":2},"end":{"line":500,"column":null}},"type":"default-arg","locations":[{"start":{"line":500,"column":13},"end":{"line":500,"column":null}}],"line":500},"26":{"loc":{"start":{"line":501,"column":2},"end":{"line":501,"column":null}},"type":"default-arg","locations":[{"start":{"line":501,"column":12},"end":{"line":501,"column":null}}],"line":501},"27":{"loc":{"start":{"line":502,"column":2},"end":{"line":502,"column":null}},"type":"default-arg","locations":[{"start":{"line":502,"column":9},"end":{"line":502,"column":null}}],"line":502},"28":{"loc":{"start":{"line":511,"column":15},"end":{"line":511,"column":null}},"type":"cond-expr","locations":[{"start":{"line":511,"column":25},"end":{"line":511,"column":32}},{"start":{"line":511,"column":32},"end":{"line":511,"column":null}}],"line":511},"29":{"loc":{"start":{"line":525,"column":2},"end":{"line":526,"column":null}},"type":"if","locations":[{"start":{"line":525,"column":2},"end":{"line":526,"column":null}},{"start":{},"end":{}}],"line":525},"30":{"loc":{"start":{"line":529,"column":2},"end":{"line":532,"column":null}},"type":"if","locations":[{"start":{"line":529,"column":2},"end":{"line":532,"column":null}},{"start":{},"end":{}}],"line":529},"31":{"loc":{"start":{"line":541,"column":16},"end":{"line":541,"column":null}},"type":"binary-expr","locations":[{"start":{"line":541,"column":16},"end":{"line":541,"column":41}},{"start":{"line":541,"column":41},"end":{"line":541,"column":null}}],"line":541},"32":{"loc":{"start":{"line":550,"column":2},"end":{"line":550,"column":null}},"type":"default-arg","locations":[{"start":{"line":550,"column":12},"end":{"line":550,"column":null}}],"line":550},"33":{"loc":{"start":{"line":551,"column":2},"end":{"line":551,"column":null}},"type":"default-arg","locations":[{"start":{"line":551,"column":16},"end":{"line":551,"column":null}}],"line":551},"34":{"loc":{"start":{"line":557,"column":15},"end":{"line":557,"column":null}},"type":"cond-expr","locations":[{"start":{"line":557,"column":25},"end":{"line":557,"column":32}},{"start":{"line":557,"column":32},"end":{"line":557,"column":null}}],"line":557},"35":{"loc":{"start":{"line":571,"column":8},"end":{"line":572,"column":null}},"type":"binary-expr","locations":[{"start":{"line":571,"column":8},"end":{"line":571,"column":null}},{"start":{"line":572,"column":10},"end":{"line":572,"column":null}}],"line":571},"36":{"loc":{"start":{"line":604,"column":2},"end":{"line":604,"column":null}},"type":"default-arg","locations":[{"start":{"line":604,"column":13},"end":{"line":604,"column":null}}],"line":604},"37":{"loc":{"start":{"line":621,"column":7},"end":{"line":627,"column":7}},"type":"binary-expr","locations":[{"start":{"line":621,"column":7},"end":{"line":621,"column":null}},{"start":{"line":622,"column":8},"end":{"line":627,"column":7}}],"line":621},"38":{"loc":{"start":{"line":670,"column":2},"end":{"line":670,"column":null}},"type":"default-arg","locations":[{"start":{"line":670,"column":12},"end":{"line":670,"column":null}}],"line":670},"39":{"loc":{"start":{"line":671,"column":2},"end":{"line":671,"column":null}},"type":"default-arg","locations":[{"start":{"line":671,"column":9},"end":{"line":671,"column":null}}],"line":671},"40":{"loc":{"start":{"line":672,"column":2},"end":{"line":672,"column":null}},"type":"default-arg","locations":[{"start":{"line":672,"column":13},"end":{"line":672,"column":null}}],"line":672},"41":{"loc":{"start":{"line":680,"column":15},"end":{"line":680,"column":null}},"type":"cond-expr","locations":[{"start":{"line":680,"column":25},"end":{"line":680,"column":32}},{"start":{"line":680,"column":32},"end":{"line":680,"column":null}}],"line":680},"42":{"loc":{"start":{"line":691,"column":8},"end":{"line":691,"column":null}},"type":"binary-expr","locations":[{"start":{"line":691,"column":8},"end":{"line":691,"column":25}},{"start":{"line":691,"column":25},"end":{"line":691,"column":null}}],"line":691},"43":{"loc":{"start":{"line":692,"column":8},"end":{"line":692,"column":null}},"type":"binary-expr","locations":[{"start":{"line":692,"column":8},"end":{"line":692,"column":25}},{"start":{"line":692,"column":25},"end":{"line":692,"column":null}}],"line":692}},"s":{"0":0,"1":0,"2":0,"3":0,"4":0,"5":0,"6":0,"7":0,"8":0,"9":0,"10":0,"11":0,"12":0,"13":0,"14":0,"15":0,"16":0,"17":0,"18":0,"19":0,"20":0,"21":0,"22":0,"23":0,"24":0,"25":0,"26":0,"27":0,"28":0,"29":0,"30":0,"31":0,"32":0,"33":0,"34":0,"35":0,"36":0,"37":0,"38":0,"39":0,"40":0,"41":0,"42":0,"43":0,"44":0,"45":0,"46":0,"47":0,"48":0,"49":0,"50":0,"51":0,"52":0,"53":0,"54":0,"55":0,"56":0,"57":0,"58":0,"59":0,"60":0,"61":0,"62":0,"63":0,"64":0,"65":0,"66":0,"67":0,"68":0,"69":0,"70":0,"71":0,"72":0,"73":0,"74":0,"75":0,"76":0,"77":0,"78":0,"79":0,"80":0,"81":0,"82":0},"f":{"0":0,"1":0,"2":0,"3":0,"4":0,"5":0,"6":0,"7":0,"8":0,"9":0,"10":0,"11":0,"12":0,"13":0,"14":0,"15":0,"16":0,"17":0,"18":0,"19":0,"20":0,"21":0,"22":0,"23":0,"24":0,"25":0,"26":0,"27":0,"28":0,"29":0,"30":0,"31":0,"32":0,"33":0},"b":{"0":[0,0],"1":[0],"2":[0,0],"3":[0,0],"4":[0,0],"5":[0,0],"6":[0,0],"7":[0,0,0],"8":[0,0],"9":[0],"10":[0],"11":[0],"12":[0,0],"13":[0,0],"14":[0,0],"15":[0,0],"16":[0,0],"17":[0,0],"18":[0,0],"19":[0,0],"20":[0],"21":[0,0],"22":[0],"23":[0,0],"24":[0],"25":[0],"26":[0],"27":[0],"28":[0,0],"29":[0,0],"30":[0,0],"31":[0,0],"32":[0],"33":[0],"34":[0,0],"35":[0,0],"36":[0],"37":[0,0],"38":[0],"39":[0],"40":[0],"41":[0,0],"42":[0,0],"43":[0,0]},"meta":{"lastBranch":44,"lastFunction":34,"lastStatement":83,"seen":{"s:1:0:1:Infinity":0,"s:28:28:28:Infinity":1,"s:29:31:29:Infinity":2,"s:30:22:30:Infinity":3,"s:31:29:31:Infinity":4,"s:32:27:32:Infinity":5,"s:33:34:33:Infinity":6,"s:45:23:45:76":7,"f:47:9:47:22":0,"s:48:18:48:50":8,"b:49:2:50:Infinity:undefined:undefined:undefined:undefined":0,"s:49:2:50:Infinity":9,"s:50:4:50:Infinity":10,"s:53:2:53:Infinity":11,"f:56:9:56:25":1,"b:57:16:57:Infinity":1,"s:69:8:69:32":12,"s:70:38:70:59":13,"s:74:28:74:55":14,"s:75:15:75:Infinity":15,"b:75:15:75:27:75:27:75:Infinity":2,"s:76:18:88:Infinity":16,"f:76:24:76:Infinity":2,"s:78:24:78:Infinity":17,"b:78:54:78:65:78:68:78:Infinity":3,"b:79:6:82:Infinity:81:13:82:Infinity":4,"s:79:6:82:Infinity":18,"s:80:8:80:Infinity":19,"s:82:8:82:Infinity":20,"s:86:6:86:Infinity":21,"s:92:24:94:40":22,"f:92:30:92:48":3,"s:93:4:93:Infinity":23,"b:93:22:93:52:93:55:93:79":5,"f:93:22:93:37":4,"s:93:46:93:52":24,"f:93:55:93:64":5,"s:93:73:93:79":25,"s:97:2:110:Infinity":26,"f:97:8:97:24":6,"s:98:10:104:Infinity":27,"f:98:10:98:27":7,"b:99:6:104:Infinity:undefined:undefined:undefined:undefined":6,"s:99:6:104:Infinity":28,"b:100:8:100:Infinity:101:9:101:26:101:26:101:Infinity":7,"s:103:8:103:Infinity":29,"s:104:8:104:Infinity":30,"s:108:4:108:Infinity":31,"s:109:4:109:Infinity":32,"f:109:4:109:17":8,"s:109:17:109:69":33,"s:114:16:114:Infinity":34,"b:114:23:114:36:114:36:114:Infinity":8,"s:116:23:126:Infinity":35,"f:116:29:116:Infinity":9,"s:117:11:125:Infinity":36,"s:129:2:150:Infinity":37,"f:154:9:154:17":10,"b:155:9:155:Infinity":9,"b:156:12:156:Infinity":10,"b:157:16:157:Infinity":11,"s:166:57:166:69":38,"b:168:2:179:Infinity:undefined:undefined:undefined:undefined":12,"s:168:2:179:Infinity":39,"s:169:4:179:Infinity":40,"b:183:2:204:Infinity:undefined:undefined:undefined:undefined":13,"s:183:2:204:Infinity":41,"s:184:4:204:Infinity":42,"s:208:2:251:Infinity":43,"b:212:48:212:62:212:62:212:Infinity":14,"b:225:14:225:Infinity:226:14:226:Infinity":15,"b:224:10:224:36:224:36:224:Infinity":16,"b:234:14:234:Infinity:235:14:235:Infinity":17,"b:238:14:238:Infinity:239:14:239:Infinity":18,"b:237:10:237:36:237:36:237:Infinity":19,"f:256:9:256:24":11,"s:261:28:261:40":44,"s:263:2:277:Infinity":45,"f:270:6:270:16":12,"s:271:8:271:Infinity":46,"s:272:8:272:Infinity":47,"f:282:9:282:21":13,"s:283:28:283:40":48,"s:285:2:303:Infinity":49,"f:307:9:307:22":14,"s:308:2:317:Infinity":50,"f:321:9:321:22":15,"s:325:2:331:Infinity":51,"f:335:9:335:23":16,"s:336:2:342:Infinity":52,"f:346:9:346:23":17,"s:347:2:353:Infinity":53,"f:357:9:357:26":18,"s:361:2:367:Infinity":54,"f:371:9:371:24":19,"s:372:2:381:Infinity":55,"f:385:9:385:22":20,"s:386:2:392:Infinity":56,"f:396:9:396:27":21,"b:398:12:398:Infinity":20,"s:401:15:401:Infinity":57,"b:401:25:401:32:401:32:401:Infinity":21,"s:403:2:413:Infinity":58,"f:417:9:417:28":22,"b:419:12:419:Infinity":22,"s:422:15:422:Infinity":59,"b:422:25:422:32:422:32:422:Infinity":23,"s:424:2:436:Infinity":60,"f:440:9:440:29":23,"s:444:2:450:Infinity":61,"f:454:9:454:21":24,"s:455:2:461:Infinity":62,"f:465:9:465:25":25,"s:466:2:472:Infinity":63,"s:476:6:495:Infinity":64,"f:498:9:498:27":26,"b:499:12:499:Infinity":24,"b:500:13:500:Infinity":25,"b:501:12:501:Infinity":26,"b:502:9:502:Infinity":27,"s:511:15:511:Infinity":65,"b:511:25:511:32:511:32:511:Infinity":28,"s:512:30:512:42":66,"s:515:4:522:Infinity":67,"b:525:2:526:Infinity:undefined:undefined:undefined:undefined":29,"s:525:2:526:Infinity":68,"s:526:4:526:Infinity":69,"b:529:2:532:Infinity:undefined:undefined:undefined:undefined":30,"s:529:2:532:Infinity":70,"s:530:4:532:Infinity":71,"s:535:2:544:Infinity":72,"b:541:16:541:41:541:41:541:Infinity":31,"f:548:9:548:27":27,"b:550:12:550:Infinity":32,"b:551:16:551:Infinity":33,"s:557:15:557:Infinity":73,"b:557:25:557:32:557:32:557:Infinity":34,"s:559:2:576:Infinity":74,"b:571:8:571:Infinity:572:10:572:Infinity":35,"f:580:9:580:26":28,"s:584:2:598:Infinity":75,"f:602:9:602:29":29,"b:604:13:604:Infinity":36,"s:610:16:612:8":76,"f:610:22:610:36":30,"s:611:4:611:Infinity":77,"s:614:2:635:Infinity":78,"b:621:7:621:Infinity:622:8:627:7":37,"f:640:9:640:24":31,"s:641:2:651:Infinity":79,"f:655:9:655:28":32,"s:659:2:665:Infinity":80,"f:669:9:669:30":33,"b:670:12:670:Infinity":38,"b:671:9:671:Infinity":39,"b:672:13:672:Infinity":40,"s:680:15:680:Infinity":81,"b:680:25:680:32:680:32:680:Infinity":41,"s:682:2:697:Infinity":82,"b:691:8:691:25:691:25:691:Infinity":42,"b:692:8:692:25:692:25:692:Infinity":43}}}
,"/Users/juan/Desktop/Proyectos/Vitalitty/v-ai/src/components/ui/skeleton.tsx": {"path":"/Users/juan/Desktop/Proyectos/Vitalitty/v-ai/src/components/ui/skeleton.tsx","statementMap":{"0":{"start":{"line":4,"column":2},"end":{"line":9,"column":null}}},"fnMap":{"0":{"name":"Skeleton","decl":{"start":{"line":3,"column":9},"end":{"line":3,"column":18}},"loc":{"start":{"line":3,"column":72},"end":{"line":9,"column":null}},"line":3}},"branchMap":{},"s":{"0":0},"f":{"0":0},"b":{},"meta":{"lastBranch":0,"lastFunction":1,"lastStatement":1,"seen":{"f:3:9:3:18":0,"s:4:2:9:Infinity":0}}}
,"/Users/juan/Desktop/Proyectos/Vitalitty/v-ai/src/components/ui/switch.tsx": {"path":"/Users/juan/Desktop/Proyectos/Vitalitty/v-ai/src/components/ui/switch.tsx","statementMap":{"0":{"start":{"line":1,"column":0},"end":{"line":1,"column":null}},"1":{"start":{"line":12,"column":2},"end":{"line":27,"column":null}}},"fnMap":{"0":{"name":"Switch","decl":{"start":{"line":8,"column":9},"end":{"line":8,"column":16}},"loc":{"start":{"line":11,"column":54},"end":{"line":27,"column":null}},"line":11}},"branchMap":{},"s":{"0":0,"1":0},"f":{"0":0},"b":{},"meta":{"lastBranch":0,"lastFunction":1,"lastStatement":2,"seen":{"s:1:0:1:Infinity":0,"f:8:9:8:16":0,"s:12:2:27:Infinity":1}}}
,"/Users/juan/Desktop/Proyectos/Vitalitty/v-ai/src/components/ui/table.tsx": {"path":"/Users/juan/Desktop/Proyectos/Vitalitty/v-ai/src/components/ui/table.tsx","statementMap":{"0":{"start":{"line":1,"column":0},"end":{"line":1,"column":null}},"1":{"start":{"line":8,"column":2},"end":{"line":18,"column":null}},"2":{"start":{"line":23,"column":2},"end":{"line":28,"column":null}},"3":{"start":{"line":33,"column":2},"end":{"line":38,"column":null}},"4":{"start":{"line":43,"column":2},"end":{"line":51,"column":null}},"5":{"start":{"line":56,"column":2},"end":{"line":64,"column":null}},"6":{"start":{"line":69,"column":2},"end":{"line":77,"column":null}},"7":{"start":{"line":82,"column":2},"end":{"line":90,"column":null}},"8":{"start":{"line":98,"column":2},"end":{"line":103,"column":null}}},"fnMap":{"0":{"name":"Table","decl":{"start":{"line":7,"column":9},"end":{"line":7,"column":15}},"loc":{"start":{"line":7,"column":71},"end":{"line":18,"column":null}},"line":7},"1":{"name":"TableHeader","decl":{"start":{"line":22,"column":9},"end":{"line":22,"column":21}},"loc":{"start":{"line":22,"column":77},"end":{"line":28,"column":null}},"line":22},"2":{"name":"TableBody","decl":{"start":{"line":32,"column":9},"end":{"line":32,"column":19}},"loc":{"start":{"line":32,"column":75},"end":{"line":38,"column":null}},"line":32},"3":{"name":"TableFooter","decl":{"start":{"line":42,"column":9},"end":{"line":42,"column":21}},"loc":{"start":{"line":42,"column":77},"end":{"line":51,"column":null}},"line":42},"4":{"name":"TableRow","decl":{"start":{"line":55,"column":9},"end":{"line":55,"column":18}},"loc":{"start":{"line":55,"column":71},"end":{"line":64,"column":null}},"line":55},"5":{"name":"TableHead","decl":{"start":{"line":68,"column":9},"end":{"line":68,"column":19}},"loc":{"start":{"line":68,"column":72},"end":{"line":77,"column":null}},"line":68},"6":{"name":"TableCell","decl":{"start":{"line":81,"column":9},"end":{"line":81,"column":19}},"loc":{"start":{"line":81,"column":72},"end":{"line":90,"column":null}},"line":81},"7":{"name":"TableCaption","decl":{"start":{"line":94,"column":9},"end":{"line":94,"column":22}},"loc":{"start":{"line":97,"column":36},"end":{"line":103,"column":null}},"line":97}},"branchMap":{},"s":{"0":1,"1":37,"2":37,"3":37,"4":0,"5":75,"6":296,"7":59,"8":0},"f":{"0":37,"1":37,"2":37,"3":0,"4":75,"5":296,"6":59,"7":0},"b":{},"meta":{"lastBranch":0,"lastFunction":8,"lastStatement":9,"seen":{"s:1:0:1:Infinity":0,"f:7:9:7:15":0,"s:8:2:18:Infinity":1,"f:22:9:22:21":1,"s:23:2:28:Infinity":2,"f:32:9:32:19":2,"s:33:2:38:Infinity":3,"f:42:9:42:21":3,"s:43:2:51:Infinity":4,"f:55:9:55:18":4,"s:56:2:64:Infinity":5,"f:68:9:68:19":5,"s:69:2:77:Infinity":6,"f:81:9:81:19":6,"s:82:2:90:Infinity":7,"f:94:9:94:22":7,"s:98:2:103:Infinity":8}}}
,"/Users/juan/Desktop/Proyectos/Vitalitty/v-ai/src/components/ui/tooltip.tsx": {"path":"/Users/juan/Desktop/Proyectos/Vitalitty/v-ai/src/components/ui/tooltip.tsx","statementMap":{"0":{"start":{"line":1,"column":0},"end":{"line":1,"column":null}},"1":{"start":{"line":12,"column":2},"end":{"line":17,"column":null}},"2":{"start":{"line":24,"column":2},"end":{"line":27,"column":null}},"3":{"start":{"line":34,"column":2},"end":{"line":34,"column":null}},"4":{"start":{"line":43,"column":2},"end":{"line":57,"column":null}}},"fnMap":{"0":{"name":"TooltipProvider","decl":{"start":{"line":8,"column":9},"end":{"line":8,"column":25}},"loc":{"start":{"line":11,"column":59},"end":{"line":17,"column":null}},"line":11},"1":{"name":"Tooltip","decl":{"start":{"line":21,"column":9},"end":{"line":21,"column":17}},"loc":{"start":{"line":23,"column":55},"end":{"line":27,"column":null}},"line":23},"2":{"name":"TooltipTrigger","decl":{"start":{"line":31,"column":9},"end":{"line":31,"column":24}},"loc":{"start":{"line":33,"column":58},"end":{"line":34,"column":null}},"line":33},"3":{"name":"TooltipContent","decl":{"start":{"line":37,"column":9},"end":{"line":37,"column":24}},"loc":{"start":{"line":42,"column":58},"end":{"line":57,"column":null}},"line":42}},"branchMap":{"0":{"loc":{"start":{"line":9,"column":2},"end":{"line":9,"column":null}},"type":"default-arg","locations":[{"start":{"line":9,"column":18},"end":{"line":9,"column":null}}],"line":9},"1":{"loc":{"start":{"line":39,"column":2},"end":{"line":39,"column":null}},"type":"default-arg","locations":[{"start":{"line":39,"column":15},"end":{"line":39,"column":null}}],"line":39}},"s":{"0":0,"1":0,"2":0,"3":0,"4":0},"f":{"0":0,"1":0,"2":0,"3":0},"b":{"0":[0],"1":[0]},"meta":{"lastBranch":2,"lastFunction":4,"lastStatement":5,"seen":{"s:1:0:1:Infinity":0,"f:8:9:8:25":0,"b:9:18:9:Infinity":0,"s:12:2:17:Infinity":1,"f:21:9:21:17":1,"s:24:2:27:Infinity":2,"f:31:9:31:24":2,"s:34:2:34:Infinity":3,"f:37:9:37:24":3,"b:39:15:39:Infinity":1,"s:43:2:57:Infinity":4}}}
}
